Output of:
powerpc-timesys-linux-gnuspe-gcc -Wall -Wshadow -Wwrite-strings -Wundef -Wstrict-prototypes -Wunused -Wunused-parameter -Wunused-function -Wunused-value -Wmissing-prototypes -Wmissing-declarations -Wdeclaration-after-statement -Wold-style-definition -fno-builtin-strlen -finline-limit=0 -fomit-frame-pointer -ffunction-sections -fdata-sections -fno-guess-branch-probability -funsigned-char -static-libgcc -falign-functions=1 -falign-jumps=1 -falign-labels=1 -falign-loops=1 -Os --static -o busybox_unstripped -Wl,--sort-common -Wl,--sort-section,alignment -Wl,--gc-sections -Wl,--start-group applets/built-in.o archival/lib.a archival/libarchive/lib.a console-tools/lib.a coreutils/lib.a coreutils/libcoreutils/lib.a debianutils/lib.a e2fsprogs/lib.a editors/lib.a findutils/lib.a init/lib.a libbb/lib.a libpwdgrp/lib.a loginutils/lib.a mailutils/lib.a miscutils/lib.a modutils/lib.a networking/lib.a networking/libiproute/lib.a networking/udhcp/lib.a printutils/lib.a procps/lib.a runit/lib.a selinux/lib.a shell/lib.a sysklogd/lib.a util-linux/lib.a util-linux/volume_id/lib.a archival/built-in.o archival/libarchive/built-in.o console-tools/built-in.o coreutils/built-in.o coreutils/libcoreutils/built-in.o debianutils/built-in.o e2fsprogs/built-in.o editors/built-in.o findutils/built-in.o init/built-in.o libbb/built-in.o libpwdgrp/built-in.o loginutils/built-in.o mailutils/built-in.o miscutils/built-in.o modutils/built-in.o networking/built-in.o networking/libiproute/built-in.o networking/udhcp/built-in.o printutils/built-in.o procps/built-in.o runit/built-in.o selinux/built-in.o shell/built-in.o sysklogd/built-in.o util-linux/built-in.o util-linux/volume_id/built-in.o -Wl,--end-group -Wl,--warn-common -Wl,-Map,busybox_unstripped.map -Wl,--verbose
==========
GNU ld (GNU Binutils) 2.20.1.20100303
  Supported emulations:
   elf32ppclinux
   elf32ppc
   elf32ppcsim
using internal linker script:
==================================================
/* Script for -z combreloc: combine and sort reloc sections */
OUTPUT_FORMAT("elf32-powerpc", "elf32-powerpc",
	      "elf32-powerpc")
OUTPUT_ARCH(powerpc:common)
ENTRY(_start)
SEARCH_DIR("=/usr/local/lib"); SEARCH_DIR("=/lib"); SEARCH_DIR("=/usr/lib");
SECTIONS
{
  /* Read-only sections, merged into text segment: */
  PROVIDE (__executable_start = SEGMENT_START("text-segment", 0x10000000)); . = SEGMENT_START("text-segment", 0x10000000) + SIZEOF_HEADERS;
  .interp         : { *(.interp) }
  .note.gnu.build-id : { *(.note.gnu.build-id) }
  .hash           : { *(.hash) }
  .gnu.hash       : { *(.gnu.hash) }
  .dynsym         : { *(.dynsym) }
  .dynstr         : { *(.dynstr) }
  .gnu.version    : { *(.gnu.version) }
  .gnu.version_d  : { *(.gnu.version_d) }
  .gnu.version_r  : { *(.gnu.version_r) }
  .rela.dyn       :
    {
      *(.rela.init)
      *(.rela.text .rela.text.* .rela.gnu.linkonce.t.*)
      *(.rela.fini)
      *(.rela.rodata .rela.rodata.* .rela.gnu.linkonce.r.*)
      *(.rela.data .rela.data.* .rela.gnu.linkonce.d.*)
      *(.rela.tdata .rela.tdata.* .rela.gnu.linkonce.td.*)
      *(.rela.tbss .rela.tbss.* .rela.gnu.linkonce.tb.*)
      *(.rela.ctors)
      *(.rela.dtors)
      *(.rela.got)
      *(.rela.got1)
      *(.rela.got2)
      *(.rela.sdata .rela.sdata.* .rela.gnu.linkonce.s.*)
      *(.rela.sbss .rela.sbss.* .rela.gnu.linkonce.sb.*)
      *(.rela.sdata2 .rela.sdata2.* .rela.gnu.linkonce.s2.*)
      *(.rela.sbss2 .rela.sbss2.* .rela.gnu.linkonce.sb2.*)
      *(.rela.bss .rela.bss.* .rela.gnu.linkonce.b.*)
      PROVIDE_HIDDEN (__rel_iplt_start = .);
      PROVIDE_HIDDEN (__rel_iplt_end = .);
      PROVIDE_HIDDEN (__rela_iplt_start = .);
      *(.rela.iplt)
      PROVIDE_HIDDEN (__rela_iplt_end = .);
    }
  .rela.plt       :
    {
      *(.rela.plt)
    }
  .init           :
  {
    KEEP (*(.init))
  } =0
  .text           :
  {
    *(.text.unlikely .text.*_unlikely)
    *(.text .stub .text.* .gnu.linkonce.t.*)
    /* .gnu.warning sections are handled specially by elf32.em.  */
    *(.gnu.warning)
    *(.glink)
  } =0
  .fini           :
  {
    KEEP (*(.fini))
  } =0
  PROVIDE (__etext = .);
  PROVIDE (_etext = .);
  PROVIDE (etext = .);
  .rodata         : { *(.rodata .rodata.* .gnu.linkonce.r.*) }
  .rodata1        : { *(.rodata1) }
  .sdata2         :
  {
    PROVIDE (_SDA2_BASE_ = 32768);
    *(.sdata2 .sdata2.* .gnu.linkonce.s2.*)
  }
  .sbss2          : { *(.sbss2 .sbss2.* .gnu.linkonce.sb2.*) }
  .eh_frame_hdr : { *(.eh_frame_hdr) }
  .eh_frame       : ONLY_IF_RO { KEEP (*(.eh_frame)) }
  .gcc_except_table   : ONLY_IF_RO { *(.gcc_except_table .gcc_except_table.*) }
  /* Adjust the address for the data segment.  We want to adjust up to
     the same address within the page on the next page up.  */
  . = ALIGN (CONSTANT (MAXPAGESIZE)) - ((CONSTANT (MAXPAGESIZE) - .) & (CONSTANT (MAXPAGESIZE) - 1)); . = DATA_SEGMENT_ALIGN (CONSTANT (MAXPAGESIZE), CONSTANT (COMMONPAGESIZE));
  /* Exception handling  */
  .eh_frame       : ONLY_IF_RW { KEEP (*(.eh_frame)) }
  .gcc_except_table   : ONLY_IF_RW { *(.gcc_except_table .gcc_except_table.*) }
  /* Thread Local Storage sections  */
  .tdata	  : { *(.tdata .tdata.* .gnu.linkonce.td.*) }
  .tbss		  : { *(.tbss .tbss.* .gnu.linkonce.tb.*) *(.tcommon) }
  .preinit_array     :
  {
    PROVIDE_HIDDEN (__preinit_array_start = .);
    KEEP (*(.preinit_array))
    PROVIDE_HIDDEN (__preinit_array_end = .);
  }
  .init_array     :
  {
     PROVIDE_HIDDEN (__init_array_start = .);
     KEEP (*(SORT(.init_array.*)))
     KEEP (*(.init_array))
     PROVIDE_HIDDEN (__init_array_end = .);
  }
  .fini_array     :
  {
    PROVIDE_HIDDEN (__fini_array_start = .);
    KEEP (*(.fini_array))
    KEEP (*(SORT(.fini_array.*)))
    PROVIDE_HIDDEN (__fini_array_end = .);
  }
  .ctors          :
  {
    /* gcc uses crtbegin.o to find the start of
       the constructors, so we make sure it is
       first.  Because this is a wildcard, it
       doesn't matter if the user does not
       actually link against crtbegin.o; the
       linker won't look for a file to match a
       wildcard.  The wildcard also means that it
       doesn't matter which directory crtbegin.o
       is in.  */
    KEEP (*crtbegin.o(.ctors))
    KEEP (*crtbegin?.o(.ctors))
    /* We don't want to include the .ctor section from
       the crtend.o file until after the sorted ctors.
       The .ctor section from the crtend file contains the
       end of ctors marker and it must be last */
    KEEP (*(EXCLUDE_FILE (*crtend.o *crtend?.o ) .ctors))
    KEEP (*(SORT(.ctors.*)))
    KEEP (*(.ctors))
  }
  .dtors          :
  {
    KEEP (*crtbegin.o(.dtors))
    KEEP (*crtbegin?.o(.dtors))
    KEEP (*(EXCLUDE_FILE (*crtend.o *crtend?.o ) .dtors))
    KEEP (*(SORT(.dtors.*)))
    KEEP (*(.dtors))
  }
  .jcr            : { KEEP (*(.jcr)) }
  .data.rel.ro : { *(.data.rel.ro.local* .gnu.linkonce.d.rel.ro.local.*) *(.data.rel.ro* .gnu.linkonce.d.rel.ro.*) }
  .got1           : { *(.got1) }
  .got2           : { *(.got2) }
  .dynamic        : { *(.dynamic) }
  .got            : SPECIAL { *(.got) }
  . = DATA_SEGMENT_RELRO_END (0, .);
  .plt            : SPECIAL { *(.plt) }
  .data           :
  {
    *(.data .data.* .gnu.linkonce.d.*)
    SORT(CONSTRUCTORS)
  }
  .data1          : { *(.data1) }
  .got            : SPECIAL { *(.got) }
  /* We want the small data sections together, so single-instruction offsets
     can access them all, and initialized data all before uninitialized, so
     we can shorten the on-disk segment size.  */
  .sdata          :
  {
    PROVIDE (_SDA_BASE_ = 32768);
    *(.sdata .sdata.* .gnu.linkonce.s.*)
  }
  _edata = .; PROVIDE (edata = .);
  __bss_start = .;
  .sbss           :
  {
    PROVIDE (__sbss_start = .); PROVIDE (___sbss_start = .);
    *(.dynsbss)
    *(.sbss .sbss.* .gnu.linkonce.sb.*)
    *(.scommon)
    PROVIDE (__sbss_end = .); PROVIDE (___sbss_end = .);
  }
  .plt            : SPECIAL { *(.plt) }
  .iplt           : { *(.iplt) }
  .bss            :
  {
   *(.dynbss)
   *(.bss .bss.* .gnu.linkonce.b.*)
   *(COMMON)
   /* Align here to ensure that the .bss section occupies space up to
      _end.  Align after .bss to ensure correct alignment even if the
      .bss section disappears because there are no input sections.
      FIXME: Why do we need it? When there is no .bss section, we don't
      pad the .data section.  */
   . = ALIGN(. != 0 ? 32 / 8 : 1);
  }
  . = ALIGN(32 / 8);
  . = ALIGN(32 / 8);
  _end = .; PROVIDE (end = .);
  . = DATA_SEGMENT_END (.);
  /* Stabs debugging sections.  */
  .stab          0 : { *(.stab) }
  .stabstr       0 : { *(.stabstr) }
  .stab.excl     0 : { *(.stab.excl) }
  .stab.exclstr  0 : { *(.stab.exclstr) }
  .stab.index    0 : { *(.stab.index) }
  .stab.indexstr 0 : { *(.stab.indexstr) }
  .comment       0 : { *(.comment) }
  /* DWARF debug sections.
     Symbols in the DWARF debugging sections are relative to the beginning
     of the section so we begin them at 0.  */
  /* DWARF 1 */
  .debug          0 : { *(.debug) }
  .line           0 : { *(.line) }
  /* GNU DWARF 1 extensions */
  .debug_srcinfo  0 : { *(.debug_srcinfo) }
  .debug_sfnames  0 : { *(.debug_sfnames) }
  /* DWARF 1.1 and DWARF 2 */
  .debug_aranges  0 : { *(.debug_aranges) }
  .debug_pubnames 0 : { *(.debug_pubnames) }
  /* DWARF 2 */
  .debug_info     0 : { *(.debug_info .gnu.linkonce.wi.*) }
  .debug_abbrev   0 : { *(.debug_abbrev) }
  .debug_line     0 : { *(.debug_line) }
  .debug_frame    0 : { *(.debug_frame) }
  .debug_str      0 : { *(.debug_str) }
  .debug_loc      0 : { *(.debug_loc) }
  .debug_macinfo  0 : { *(.debug_macinfo) }
  /* SGI/MIPS DWARF 2 extensions */
  .debug_weaknames 0 : { *(.debug_weaknames) }
  .debug_funcnames 0 : { *(.debug_funcnames) }
  .debug_typenames 0 : { *(.debug_typenames) }
  .debug_varnames  0 : { *(.debug_varnames) }
  /* DWARF 3 */
  .debug_pubtypes 0 : { *(.debug_pubtypes) }
  .debug_ranges   0 : { *(.debug_ranges) }
  .gnu.attributes 0 : { KEEP (*(.gnu.attributes)) }
  /DISCARD/	: { *(.fixup) }
  /DISCARD/ : { *(.note.GNU-stack) *(.gnu_debuglink) *(.gnu.lto_*) }
}


==================================================
attempt to open /home/dmcdonald/lantisdev/lantis-top/lantis/toolchain/bin/../../toolchain/lib/crt1.o succeeded
/home/dmcdonald/lantisdev/lantis-top/lantis/toolchain/bin/../../toolchain/lib/crt1.o
attempt to open /home/dmcdonald/lantisdev/lantis-top/lantis/toolchain/bin/../../toolchain/lib/crti.o succeeded
/home/dmcdonald/lantisdev/lantis-top/lantis/toolchain/bin/../../toolchain/lib/crti.o
attempt to open /home/dmcdonald/lantisdev/lantis-top/lantis/toolchain/bin/../lib/gcc/powerpc-timesys-linux-gnuspe/4.4.5/crtbeginT.o succeeded
/home/dmcdonald/lantisdev/lantis-top/lantis/toolchain/bin/../lib/gcc/powerpc-timesys-linux-gnuspe/4.4.5/crtbeginT.o
attempt to open applets/built-in.o succeeded
applets/built-in.o
attempt to open archival/lib.a succeeded
attempt to open archival/libarchive/lib.a succeeded
attempt to open console-tools/lib.a succeeded
attempt to open coreutils/lib.a succeeded
attempt to open coreutils/libcoreutils/lib.a succeeded
attempt to open debianutils/lib.a succeeded
attempt to open e2fsprogs/lib.a succeeded
attempt to open editors/lib.a succeeded
attempt to open findutils/lib.a succeeded
attempt to open init/lib.a succeeded
attempt to open libbb/lib.a succeeded
(libbb/lib.a)appletlib.o
(libbb/lib.a)concat_path_file.o
(libbb/lib.a)default_error_retval.o
(libbb/lib.a)get_last_path_component.o
(libbb/lib.a)last_char_is.o
(libbb/lib.a)llist.o
(libbb/lib.a)messages.o
(libbb/lib.a)perror_msg.o
(libbb/lib.a)ptr_to_globals.o
(libbb/lib.a)skip_whitespace.o
(libbb/lib.a)verror_msg.o
(libbb/lib.a)wfopen.o
(libbb/lib.a)xfunc_die.o
(libbb/lib.a)xfuncs.o
(libbb/lib.a)xfuncs_printf.o
(libbb/lib.a)xreadlink.o
(libbb/lib.a)copyfd.o
(libbb/lib.a)full_write.o
(libbb/lib.a)read.o
(libbb/lib.a)safe_write.o
(libbb/lib.a)time.o
(libbb/lib.a)bb_strtonum.o
attempt to open libpwdgrp/lib.a succeeded
(libpwdgrp/lib.a)uidgid_get.o
attempt to open loginutils/lib.a succeeded
(loginutils/lib.a)addgroup.o
(loginutils/lib.a)adduser.o
(loginutils/lib.a)chpasswd.o
(loginutils/lib.a)cryptpw.o
(loginutils/lib.a)deluser.o
(loginutils/lib.a)getty.o
(loginutils/lib.a)login.o
(loginutils/lib.a)passwd.o
(loginutils/lib.a)su.o
attempt to open mailutils/lib.a succeeded
attempt to open miscutils/lib.a succeeded
(miscutils/lib.a)chrt.o
(miscutils/lib.a)crond.o
(miscutils/lib.a)crontab.o
(miscutils/lib.a)dc.o
(miscutils/lib.a)eject.o
(miscutils/lib.a)hdparm.o
(miscutils/lib.a)less.o
(miscutils/lib.a)raidautorun.o
(miscutils/lib.a)rx.o
(miscutils/lib.a)setserial.o
(miscutils/lib.a)setsid.o
(miscutils/lib.a)strings.o
(miscutils/lib.a)time.o
(miscutils/lib.a)ttysize.o
(miscutils/lib.a)ubi_tools.o
(miscutils/lib.a)watchdog.o
attempt to open modutils/lib.a succeeded
(modutils/lib.a)depmod.o
(modutils/lib.a)insmod.o
(modutils/lib.a)lsmod.o
(modutils/lib.a)modinfo.o
(modutils/lib.a)modprobe.o
(modutils/lib.a)modutils.o
(modutils/lib.a)rmmod.o
attempt to open networking/lib.a succeeded
(networking/lib.a)arp.o
(networking/lib.a)arping.o
(networking/lib.a)ftpgetput.o
(networking/lib.a)hostname.o
(networking/lib.a)ifconfig.o
(networking/lib.a)ifenslave.o
(networking/lib.a)ifupdown.o
(networking/lib.a)inetd.o
(networking/lib.a)interface.o
(networking/lib.a)ip.o
(networking/lib.a)nbd-client.o
(networking/lib.a)nc.o
(networking/lib.a)netstat.o
(networking/lib.a)nslookup.o
(networking/lib.a)ping.o
(networking/lib.a)pscan.o
(networking/lib.a)route.o
(networking/lib.a)slattach.o
(networking/lib.a)telnet.o
(networking/lib.a)tftp.o
(networking/lib.a)traceroute.o
(networking/lib.a)vconfig.o
(networking/lib.a)wget.o
(networking/lib.a)whois.o
(networking/lib.a)zcip.o
attempt to open networking/libiproute/lib.a succeeded
(networking/libiproute/lib.a)ip_parse_common_args.o
(networking/libiproute/lib.a)ipaddress.o
(networking/libiproute/lib.a)iplink.o
(networking/libiproute/lib.a)iproute.o
(networking/libiproute/lib.a)iprule.o
(networking/libiproute/lib.a)libnetlink.o
(networking/libiproute/lib.a)ll_addr.o
(networking/libiproute/lib.a)ll_map.o
(networking/libiproute/lib.a)ll_types.o
(networking/libiproute/lib.a)rt_names.o
(networking/libiproute/lib.a)rtm_map.o
(networking/libiproute/lib.a)utils.o
attempt to open networking/udhcp/lib.a succeeded
(networking/udhcp/lib.a)dhcpc.o
(networking/udhcp/lib.a)packet.o
(networking/udhcp/lib.a)signalpipe.o
(networking/udhcp/lib.a)socket.o
(networking/udhcp/lib.a)arpping.o
(networking/udhcp/lib.a)common.o
attempt to open printutils/lib.a succeeded
attempt to open procps/lib.a succeeded
(procps/lib.a)free.o
(procps/lib.a)iostat.o
(procps/lib.a)kill.o
(procps/lib.a)mpstat.o
(procps/lib.a)nmeter.o
(procps/lib.a)pidof.o
(procps/lib.a)pmap.o
(procps/lib.a)powertop.o
(procps/lib.a)ps.o
(procps/lib.a)pstree.o
(procps/lib.a)pwdx.o
(procps/lib.a)renice.o
(procps/lib.a)smemcap.o
(procps/lib.a)sysctl.o
(procps/lib.a)top.o
(procps/lib.a)uptime.o
attempt to open runit/lib.a succeeded
(runit/lib.a)chpst.o
(runit/lib.a)runsv.o
(runit/lib.a)runsvdir.o
(runit/lib.a)sv.o
(runit/lib.a)svlogd.o
attempt to open selinux/lib.a succeeded
attempt to open shell/lib.a succeeded
(shell/lib.a)ash.o
(shell/lib.a)ash_ptr_hack.o
(shell/lib.a)cttyhack.o
(shell/lib.a)math.o
(shell/lib.a)random.o
(shell/lib.a)shell_common.o
attempt to open sysklogd/lib.a succeeded
(sysklogd/lib.a)klogd.o
(sysklogd/lib.a)syslogd_and_logger.o
attempt to open util-linux/lib.a succeeded
(util-linux/lib.a)blkid.o
(util-linux/lib.a)blockdev.o
(util-linux/lib.a)dmesg.o
(util-linux/lib.a)fdformat.o
(util-linux/lib.a)fdisk.o
(util-linux/lib.a)flock.o
(util-linux/lib.a)freeramdisk.o
(util-linux/lib.a)getopt.o
(util-linux/lib.a)hexdump.o
(util-linux/lib.a)hwclock.o
(util-linux/lib.a)losetup.o
(util-linux/lib.a)lspci.o
(util-linux/lib.a)lsusb.o
(util-linux/lib.a)mdev.o
(util-linux/lib.a)mkfs_ext2.o
(util-linux/lib.a)mkfs_vfat.o
(util-linux/lib.a)mkswap.o
(util-linux/lib.a)more.o
(util-linux/lib.a)mount.o
(util-linux/lib.a)pivot_root.o
(util-linux/lib.a)rdate.o
(util-linux/lib.a)rev.o
(util-linux/lib.a)swaponoff.o
(util-linux/lib.a)switch_root.o
(util-linux/lib.a)umount.o
attempt to open util-linux/volume_id/lib.a succeeded
(util-linux/volume_id/lib.a)get_devname.o
(util-linux/volume_id/lib.a)volume_id.o
(util-linux/volume_id/lib.a)xfs.o
(util-linux/volume_id/lib.a)btrfs.o
(util-linux/volume_id/lib.a)cramfs.o
(util-linux/volume_id/lib.a)ext.o
(util-linux/volume_id/lib.a)fat.o
(util-linux/volume_id/lib.a)hfs.o
(util-linux/volume_id/lib.a)iso9660.o
(util-linux/volume_id/lib.a)jfs.o
(util-linux/volume_id/lib.a)linux_raid.o
(util-linux/volume_id/lib.a)linux_swap.o
(util-linux/volume_id/lib.a)luks.o
(util-linux/volume_id/lib.a)ntfs.o
(util-linux/volume_id/lib.a)ocfs2.o
(util-linux/volume_id/lib.a)reiserfs.o
(util-linux/volume_id/lib.a)romfs.o
(util-linux/volume_id/lib.a)sysv.o
(util-linux/volume_id/lib.a)udf.o
(util-linux/volume_id/lib.a)util.o
attempt to open archival/built-in.o succeeded
attempt to open archival/libarchive/built-in.o succeeded
attempt to open console-tools/built-in.o succeeded
attempt to open coreutils/built-in.o succeeded
attempt to open coreutils/libcoreutils/built-in.o succeeded
attempt to open debianutils/built-in.o succeeded
attempt to open e2fsprogs/built-in.o succeeded
attempt to open editors/built-in.o succeeded
attempt to open findutils/built-in.o succeeded
attempt to open init/built-in.o succeeded
attempt to open libbb/built-in.o succeeded
attempt to open libpwdgrp/built-in.o succeeded
attempt to open loginutils/built-in.o succeeded
attempt to open mailutils/built-in.o succeeded
attempt to open miscutils/built-in.o succeeded
attempt to open modutils/built-in.o succeeded
attempt to open networking/built-in.o succeeded
attempt to open networking/libiproute/built-in.o succeeded
attempt to open networking/udhcp/built-in.o succeeded
attempt to open printutils/built-in.o succeeded
attempt to open procps/built-in.o succeeded
attempt to open runit/built-in.o succeeded
attempt to open selinux/built-in.o succeeded
attempt to open shell/built-in.o succeeded
attempt to open sysklogd/built-in.o succeeded
attempt to open util-linux/built-in.o succeeded
attempt to open util-linux/volume_id/built-in.o succeeded
(archival/lib.a)ar.o
(archival/lib.a)bbunzip.o
(archival/lib.a)cpio.o
(archival/lib.a)gzip.o
(archival/lib.a)rpm.o
(archival/lib.a)rpm2cpio.o
(archival/lib.a)tar.o
(archival/lib.a)unzip.o
(archival/libarchive/lib.a)data_extract_all.o
(archival/libarchive/lib.a)data_extract_to_command.o
(archival/libarchive/lib.a)data_extract_to_stdout.o
(archival/libarchive/lib.a)data_skip.o
(archival/libarchive/lib.a)decompress_bunzip2.o
(archival/libarchive/lib.a)decompress_uncompress.o
(archival/libarchive/lib.a)decompress_unxz.o
(archival/libarchive/lib.a)decompress_unzip.o
(archival/libarchive/lib.a)filter_accept_list.o
(archival/libarchive/lib.a)filter_accept_reject_list.o
(archival/libarchive/lib.a)find_list_entry.o
(archival/libarchive/lib.a)get_header_cpio.o
(archival/libarchive/lib.a)get_header_tar.o
(archival/libarchive/lib.a)get_header_tar_bz2.o
(archival/libarchive/lib.a)get_header_tar_gz.o
(archival/libarchive/lib.a)header_list.o
(archival/libarchive/lib.a)header_verbose_list.o
(archival/libarchive/lib.a)init_handle.o
(archival/libarchive/lib.a)open_transformer.o
(archival/libarchive/lib.a)seek_by_jump.o
(archival/libarchive/lib.a)seek_by_read.o
(archival/libarchive/lib.a)unpack_ar_archive.o
(archival/libarchive/lib.a)data_align.o
(archival/libarchive/lib.a)filter_accept_all.o
(archival/libarchive/lib.a)get_header_ar.o
(archival/libarchive/lib.a)header_skip.o
(console-tools/lib.a)chvt.o
(console-tools/lib.a)clear.o
(console-tools/lib.a)deallocvt.o
(console-tools/lib.a)fgconsole.o
(console-tools/lib.a)openvt.o
(console-tools/lib.a)reset.o
(console-tools/lib.a)resize.o
(console-tools/lib.a)setconsole.o
(console-tools/lib.a)setkeycodes.o
(console-tools/lib.a)showkey.o
(coreutils/lib.a)basename.o
(coreutils/lib.a)cat.o
(coreutils/lib.a)chgrp.o
(coreutils/lib.a)chmod.o
(coreutils/lib.a)chown.o
(coreutils/lib.a)chroot.o
(coreutils/lib.a)cp.o
(coreutils/lib.a)cut.o
(coreutils/lib.a)date.o
(coreutils/lib.a)dd.o
(coreutils/lib.a)df.o
(coreutils/lib.a)dirname.o
(coreutils/lib.a)dos2unix.o
(coreutils/lib.a)du.o
(coreutils/lib.a)echo.o
(coreutils/lib.a)env.o
(coreutils/lib.a)expand.o
(coreutils/lib.a)expr.o
(coreutils/lib.a)false.o
(coreutils/lib.a)head.o
(coreutils/lib.a)hostid.o
(coreutils/lib.a)id.o
(coreutils/lib.a)install.o
(coreutils/lib.a)ln.o
(coreutils/lib.a)ls.o
(coreutils/lib.a)md5_sha1_sum.o
(coreutils/lib.a)mkdir.o
(coreutils/lib.a)mkfifo.o
(coreutils/lib.a)mknod.o
(coreutils/lib.a)mv.o
(coreutils/lib.a)nice.o
(coreutils/lib.a)od.o
(coreutils/lib.a)printf.o
(coreutils/lib.a)pwd.o
(coreutils/lib.a)readlink.o
(coreutils/lib.a)realpath.o
(coreutils/lib.a)rm.o
(coreutils/lib.a)rmdir.o
(coreutils/lib.a)seq.o
(coreutils/lib.a)sleep.o
(coreutils/lib.a)sort.o
(coreutils/lib.a)stat.o
(coreutils/lib.a)stty.o
(coreutils/lib.a)sync.o
(coreutils/lib.a)tail.o
(coreutils/lib.a)tee.o
(coreutils/lib.a)test.o
(coreutils/lib.a)test_ptr_hack.o
(coreutils/lib.a)touch.o
(coreutils/lib.a)tr.o
(coreutils/lib.a)true.o
(coreutils/lib.a)tty.o
(coreutils/lib.a)uname.o
(coreutils/lib.a)uniq.o
(coreutils/lib.a)usleep.o
(coreutils/lib.a)uudecode.o
(coreutils/lib.a)wc.o
(coreutils/lib.a)who.o
(coreutils/lib.a)whoami.o
(coreutils/lib.a)yes.o
(coreutils/libcoreutils/lib.a)cp_mv_stat.o
(coreutils/libcoreutils/lib.a)getopt_mk_fifo_nod.o
(debianutils/lib.a)mktemp.o
(debianutils/lib.a)run_parts.o
(debianutils/lib.a)start_stop_daemon.o
(debianutils/lib.a)which.o
(editors/lib.a)awk.o
(editors/lib.a)cmp.o
(editors/lib.a)patch.o
(editors/lib.a)sed.o
(editors/lib.a)vi.o
(findutils/lib.a)find.o
(findutils/lib.a)grep.o
(findutils/lib.a)xargs.o
(init/lib.a)bootchartd.o
(init/lib.a)halt.o
(init/lib.a)init.o
(init/lib.a)mesg.o
(libbb/lib.a)ask_confirmation.o
(libbb/lib.a)bb_askpass.o
(libbb/lib.a)bb_do_delay.o
(libbb/lib.a)bb_pwd.o
(libbb/lib.a)change_identity.o
(libbb/lib.a)chomp.o
(libbb/lib.a)compare_string_array.o
(libbb/lib.a)concat_subpath_file.o
(libbb/lib.a)copy_file.o
(libbb/lib.a)correct_password.o
(libbb/lib.a)crc32.o
(libbb/lib.a)create_icmp6_socket.o
(libbb/lib.a)create_icmp_socket.o
(libbb/lib.a)device_open.o
(libbb/lib.a)dump.o
(libbb/lib.a)execable.o
(libbb/lib.a)fclose_nonstdin.o
(libbb/lib.a)fflush_stdout_and_exit.o
(libbb/lib.a)fgets_str.o
(libbb/lib.a)find_mount_point.o
(libbb/lib.a)find_pid_by_name.o
(libbb/lib.a)get_console.o
(libbb/lib.a)get_cpu_count.o
(libbb/lib.a)get_line_from_file.o
(libbb/lib.a)get_shell_name.o
(libbb/lib.a)get_volsize.o
(libbb/lib.a)getopt32.o
(libbb/lib.a)hash_md5_sha.o
(libbb/lib.a)herror_msg.o
(libbb/lib.a)human_readable.o
(libbb/lib.a)inet_common.o
(libbb/lib.a)info_msg.o
(libbb/lib.a)inode_hash.o
(libbb/lib.a)isdirectory.o
(libbb/lib.a)kernel_version.o
(libbb/lib.a)lineedit.o
(libbb/lib.a)lineedit_ptr_hack.o
(libbb/lib.a)login.o
(libbb/lib.a)loop.o
(libbb/lib.a)make_directory.o
(libbb/lib.a)makedev.o
(libbb/lib.a)match_fstype.o
(libbb/lib.a)mode_string.o
(libbb/lib.a)mtab.o
(libbb/lib.a)obscure.o
(libbb/lib.a)parse_config.o
(libbb/lib.a)parse_mode.o
(libbb/lib.a)perror_nomsg_and_die.o
(libbb/lib.a)pidfile.o
(libbb/lib.a)print_flags.o
(libbb/lib.a)printable.o
(libbb/lib.a)printable_string.o
(libbb/lib.a)process_escape_sequence.o
(libbb/lib.a)procps.o
(libbb/lib.a)pw_encrypt.o
(libbb/lib.a)read_key.o
(libbb/lib.a)read_printf.o
(libbb/lib.a)recursive_action.o
(libbb/lib.a)remove_file.o
(libbb/lib.a)rtc.o
(libbb/lib.a)run_shell.o
(libbb/lib.a)safe_gethostname.o
(libbb/lib.a)safe_poll.o
(libbb/lib.a)safe_strncpy.o
(libbb/lib.a)setup_environment.o
(libbb/lib.a)signals.o
(libbb/lib.a)simplify_path.o
(libbb/lib.a)single_argv.o
(libbb/lib.a)speed_table.o
(libbb/lib.a)str_tolower.o
(libbb/lib.a)strrstr.o
(libbb/lib.a)systemd_support.o
(libbb/lib.a)u_signal_names.o
(libbb/lib.a)udp_io.o
(libbb/lib.a)unicode.o
(libbb/lib.a)update_passwd.o
(libbb/lib.a)utmp.o
(libbb/lib.a)uuencode.o
(libbb/lib.a)vfork_daemon_rexec.o
(libbb/lib.a)wfopen_input.o
(libbb/lib.a)write.o
(libbb/lib.a)xatonum.o
(libbb/lib.a)xconnect.o
(libbb/lib.a)xgetcwd.o
(libbb/lib.a)xgethostbyname.o
(libbb/lib.a)xrealloc_vector.o
(libbb/lib.a)xregcomp.o
(libbb/lib.a)bb_bswap_64.o
(libbb/lib.a)bb_qsort.o
(libbb/lib.a)perror_nomsg.o
attempt to open /home/dmcdonald/lantisdev/lantis-top/lantis/toolchain/bin/../lib/gcc/powerpc-timesys-linux-gnuspe/4.4.5/libgcc.a succeeded
(/home/dmcdonald/lantisdev/lantis-top/lantis/toolchain/bin/../lib/gcc/powerpc-timesys-linux-gnuspe/4.4.5/libgcc.a)_lshrdi3.o
(/home/dmcdonald/lantisdev/lantis-top/lantis/toolchain/bin/../lib/gcc/powerpc-timesys-linux-gnuspe/4.4.5/libgcc.a)_ashldi3.o
(/home/dmcdonald/lantisdev/lantis-top/lantis/toolchain/bin/../lib/gcc/powerpc-timesys-linux-gnuspe/4.4.5/libgcc.a)_ucmpdi2.o
(/home/dmcdonald/lantisdev/lantis-top/lantis/toolchain/bin/../lib/gcc/powerpc-timesys-linux-gnuspe/4.4.5/libgcc.a)_fixunsdfdi.o
(/home/dmcdonald/lantisdev/lantis-top/lantis/toolchain/bin/../lib/gcc/powerpc-timesys-linux-gnuspe/4.4.5/libgcc.a)_floatundidf.o
(/home/dmcdonald/lantisdev/lantis-top/lantis/toolchain/bin/../lib/gcc/powerpc-timesys-linux-gnuspe/4.4.5/libgcc.a)_moddi3.o
(/home/dmcdonald/lantisdev/lantis-top/lantis/toolchain/bin/../lib/gcc/powerpc-timesys-linux-gnuspe/4.4.5/libgcc.a)_udivdi3.o
(/home/dmcdonald/lantisdev/lantis-top/lantis/toolchain/bin/../lib/gcc/powerpc-timesys-linux-gnuspe/4.4.5/libgcc.a)_umoddi3.o
attempt to open /home/dmcdonald/lantisdev/lantis-top/lantis/toolchain/bin/../lib/gcc/powerpc-timesys-linux-gnuspe/4.4.5/libgcc_eh.a succeeded
attempt to open /home/dmcdonald/lantisdev/lantis-top/lantis/toolchain/bin/../lib/gcc/powerpc-timesys-linux-gnuspe/4.4.5/libc.a failed
attempt to open /home/dmcdonald/lantisdev/lantis-top/lantis/toolchain/bin/../lib/gcc/libc.a failed
attempt to open /home/dmcdonald/lantisdev/lantis-top/lantis/toolchain/bin/../lib/gcc/powerpc-timesys-linux-gnuspe/4.4.5/../../../../powerpc-timesys-linux-gnuspe/lib/libc.a failed
attempt to open /home/dmcdonald/lantisdev/lantis-top/lantis/toolchain/bin/../../toolchain/lib/libc.a succeeded
(/home/dmcdonald/lantisdev/lantis-top/lantis/toolchain/bin/../../toolchain/lib/libc.a)libc-start.o
(/home/dmcdonald/lantisdev/lantis-top/lantis/toolchain/bin/../../toolchain/lib/libc.a)check_fds.o
(/home/dmcdonald/lantisdev/lantis-top/lantis/toolchain/bin/../../toolchain/lib/libc.a)libc-tls.o
(/home/dmcdonald/lantisdev/lantis-top/lantis/toolchain/bin/../../toolchain/lib/libc.a)elf-init.o
(/home/dmcdonald/lantisdev/lantis-top/lantis/toolchain/bin/../../toolchain/lib/libc.a)errno.o
(/home/dmcdonald/lantisdev/lantis-top/lantis/toolchain/bin/../../toolchain/lib/libc.a)errno-loc.o
(/home/dmcdonald/lantisdev/lantis-top/lantis/toolchain/bin/../../toolchain/lib/libc.a)setjmp.o
(/home/dmcdonald/lantisdev/lantis-top/lantis/toolchain/bin/../../toolchain/lib/libc.a)sigjmp.o
(/home/dmcdonald/lantisdev/lantis-top/lantis/toolchain/bin/../../toolchain/lib/libc.a)bsd-_setjmp.o
(/home/dmcdonald/lantisdev/lantis-top/lantis/toolchain/bin/../../toolchain/lib/libc.a)longjmp.o
(/home/dmcdonald/lantisdev/lantis-top/lantis/toolchain/bin/../../toolchain/lib/libc.a)__longjmp.o
(/home/dmcdonald/lantisdev/lantis-top/lantis/toolchain/bin/../../toolchain/lib/libc.a)jmp-unwind.o
(/home/dmcdonald/lantisdev/lantis-top/lantis/toolchain/bin/../../toolchain/lib/libc.a)signal.o
(/home/dmcdonald/lantisdev/lantis-top/lantis/toolchain/bin/../../toolchain/lib/libc.a)raise.o
(/home/dmcdonald/lantisdev/lantis-top/lantis/toolchain/bin/../../toolchain/lib/libc.a)killpg.o
(/home/dmcdonald/lantisdev/lantis-top/lantis/toolchain/bin/../../toolchain/lib/libc.a)sigaction.o
(/home/dmcdonald/lantisdev/lantis-top/lantis/toolchain/bin/../../toolchain/lib/libc.a)sigprocmask.o
(/home/dmcdonald/lantisdev/lantis-top/lantis/toolchain/bin/../../toolchain/lib/libc.a)kill.o
(/home/dmcdonald/lantisdev/lantis-top/lantis/toolchain/bin/../../toolchain/lib/libc.a)sigsuspend.o
(/home/dmcdonald/lantisdev/lantis-top/lantis/toolchain/bin/../../toolchain/lib/libc.a)sigempty.o
(/home/dmcdonald/lantisdev/lantis-top/lantis/toolchain/bin/../../toolchain/lib/libc.a)sigfillset.o
(/home/dmcdonald/lantisdev/lantis-top/lantis/toolchain/bin/../../toolchain/lib/libc.a)sigaddset.o
(/home/dmcdonald/lantisdev/lantis-top/lantis/toolchain/bin/../../toolchain/lib/libc.a)sigdelset.o
(/home/dmcdonald/lantisdev/lantis-top/lantis/toolchain/bin/../../toolchain/lib/libc.a)atof.o
(/home/dmcdonald/lantisdev/lantis-top/lantis/toolchain/bin/../../toolchain/lib/libc.a)atoi.o
(/home/dmcdonald/lantisdev/lantis-top/lantis/toolchain/bin/../../toolchain/lib/libc.a)bsearch.o
(/home/dmcdonald/lantisdev/lantis-top/lantis/toolchain/bin/../../toolchain/lib/libc.a)msort.o
(/home/dmcdonald/lantisdev/lantis-top/lantis/toolchain/bin/../../toolchain/lib/libc.a)getenv.o
(/home/dmcdonald/lantisdev/lantis-top/lantis/toolchain/bin/../../toolchain/lib/libc.a)putenv.o
(/home/dmcdonald/lantisdev/lantis-top/lantis/toolchain/bin/../../toolchain/lib/libc.a)setenv.o
(/home/dmcdonald/lantisdev/lantis-top/lantis/toolchain/bin/../../toolchain/lib/libc.a)exit.o
(/home/dmcdonald/lantisdev/lantis-top/lantis/toolchain/bin/../../toolchain/lib/libc.a)atexit.o
(/home/dmcdonald/lantisdev/lantis-top/lantis/toolchain/bin/../../toolchain/lib/libc.a)cxa_atexit.o
(/home/dmcdonald/lantisdev/lantis-top/lantis/toolchain/bin/../../toolchain/lib/libc.a)div.o
(/home/dmcdonald/lantisdev/lantis-top/lantis/toolchain/bin/../../toolchain/lib/libc.a)random.o
(/home/dmcdonald/lantisdev/lantis-top/lantis/toolchain/bin/../../toolchain/lib/libc.a)random_r.o
(/home/dmcdonald/lantisdev/lantis-top/lantis/toolchain/bin/../../toolchain/lib/libc.a)rand.o
(/home/dmcdonald/lantisdev/lantis-top/lantis/toolchain/bin/../../toolchain/lib/libc.a)strtol.o
(/home/dmcdonald/lantisdev/lantis-top/lantis/toolchain/bin/../../toolchain/lib/libc.a)strtoul.o
(/home/dmcdonald/lantisdev/lantis-top/lantis/toolchain/bin/../../toolchain/lib/libc.a)strtoll.o
(/home/dmcdonald/lantisdev/lantis-top/lantis/toolchain/bin/../../toolchain/lib/libc.a)strtoull.o
(/home/dmcdonald/lantisdev/lantis-top/lantis/toolchain/bin/../../toolchain/lib/libc.a)strtol_l.o
(/home/dmcdonald/lantisdev/lantis-top/lantis/toolchain/bin/../../toolchain/lib/libc.a)strtoul_l.o
(/home/dmcdonald/lantisdev/lantis-top/lantis/toolchain/bin/../../toolchain/lib/libc.a)strtoll_l.o
(/home/dmcdonald/lantisdev/lantis-top/lantis/toolchain/bin/../../toolchain/lib/libc.a)strtoull_l.o
(/home/dmcdonald/lantisdev/lantis-top/lantis/toolchain/bin/../../toolchain/lib/libc.a)strtod.o
(/home/dmcdonald/lantisdev/lantis-top/lantis/toolchain/bin/../../toolchain/lib/libc.a)strtod_l.o
(/home/dmcdonald/lantisdev/lantis-top/lantis/toolchain/bin/../../toolchain/lib/libc.a)system.o
(/home/dmcdonald/lantisdev/lantis-top/lantis/toolchain/bin/../../toolchain/lib/libc.a)canonicalize.o
(/home/dmcdonald/lantisdev/lantis-top/lantis/toolchain/bin/../../toolchain/lib/libc.a)grouping.o
(/home/dmcdonald/lantisdev/lantis-top/lantis/toolchain/bin/../../toolchain/lib/libc.a)tens_in_limb.o
(/home/dmcdonald/lantisdev/lantis-top/lantis/toolchain/bin/../../toolchain/lib/libc.a)fpioconst.o
(/home/dmcdonald/lantisdev/lantis-top/lantis/toolchain/bin/../../toolchain/lib/libc.a)vfprintf.o
(/home/dmcdonald/lantisdev/lantis-top/lantis/toolchain/bin/../../toolchain/lib/libc.a)vprintf.o
(/home/dmcdonald/lantisdev/lantis-top/lantis/toolchain/bin/../../toolchain/lib/libc.a)printf_fp.o
(/home/dmcdonald/lantisdev/lantis-top/lantis/toolchain/bin/../../toolchain/lib/libc.a)reg-printf.o
(/home/dmcdonald/lantisdev/lantis-top/lantis/toolchain/bin/../../toolchain/lib/libc.a)printf_fphex.o
(/home/dmcdonald/lantisdev/lantis-top/lantis/toolchain/bin/../../toolchain/lib/libc.a)reg-type.o
(/home/dmcdonald/lantisdev/lantis-top/lantis/toolchain/bin/../../toolchain/lib/libc.a)fprintf.o
(/home/dmcdonald/lantisdev/lantis-top/lantis/toolchain/bin/../../toolchain/lib/libc.a)printf.o
(/home/dmcdonald/lantisdev/lantis-top/lantis/toolchain/bin/../../toolchain/lib/libc.a)snprintf.o
(/home/dmcdonald/lantisdev/lantis-top/lantis/toolchain/bin/../../toolchain/lib/libc.a)sprintf.o
(/home/dmcdonald/lantisdev/lantis-top/lantis/toolchain/bin/../../toolchain/lib/libc.a)asprintf.o
(/home/dmcdonald/lantisdev/lantis-top/lantis/toolchain/bin/../../toolchain/lib/libc.a)dprintf.o
(/home/dmcdonald/lantisdev/lantis-top/lantis/toolchain/bin/../../toolchain/lib/libc.a)fscanf.o
(/home/dmcdonald/lantisdev/lantis-top/lantis/toolchain/bin/../../toolchain/lib/libc.a)scanf.o
(/home/dmcdonald/lantisdev/lantis-top/lantis/toolchain/bin/../../toolchain/lib/libc.a)sscanf.o
(/home/dmcdonald/lantisdev/lantis-top/lantis/toolchain/bin/../../toolchain/lib/libc.a)getline.o
(/home/dmcdonald/lantisdev/lantis-top/lantis/toolchain/bin/../../toolchain/lib/libc.a)rename.o
(/home/dmcdonald/lantisdev/lantis-top/lantis/toolchain/bin/../../toolchain/lib/libc.a)funlockfile.o
(/home/dmcdonald/lantisdev/lantis-top/lantis/toolchain/bin/../../toolchain/lib/libc.a)printf-parsemb.o
(/home/dmcdonald/lantisdev/lantis-top/lantis/toolchain/bin/../../toolchain/lib/libc.a)iofclose.o
(/home/dmcdonald/lantisdev/lantis-top/lantis/toolchain/bin/../../toolchain/lib/libc.a)iofdopen.o
(/home/dmcdonald/lantisdev/lantis-top/lantis/toolchain/bin/../../toolchain/lib/libc.a)iofflush.o
(/home/dmcdonald/lantisdev/lantis-top/lantis/toolchain/bin/../../toolchain/lib/libc.a)iofputs.o
(/home/dmcdonald/lantisdev/lantis-top/lantis/toolchain/bin/../../toolchain/lib/libc.a)iofread.o
(/home/dmcdonald/lantisdev/lantis-top/lantis/toolchain/bin/../../toolchain/lib/libc.a)iofwrite.o
(/home/dmcdonald/lantisdev/lantis-top/lantis/toolchain/bin/../../toolchain/lib/libc.a)iogetdelim.o
(/home/dmcdonald/lantisdev/lantis-top/lantis/toolchain/bin/../../toolchain/lib/libc.a)iopadn.o
(/home/dmcdonald/lantisdev/lantis-top/lantis/toolchain/bin/../../toolchain/lib/libc.a)iopopen.o
(/home/dmcdonald/lantisdev/lantis-top/lantis/toolchain/bin/../../toolchain/lib/libc.a)ioputs.o
(/home/dmcdonald/lantisdev/lantis-top/lantis/toolchain/bin/../../toolchain/lib/libc.a)iosetvbuf.o
(/home/dmcdonald/lantisdev/lantis-top/lantis/toolchain/bin/../../toolchain/lib/libc.a)ioungetc.o
(/home/dmcdonald/lantisdev/lantis-top/lantis/toolchain/bin/../../toolchain/lib/libc.a)iovsprintf.o
(/home/dmcdonald/lantisdev/lantis-top/lantis/toolchain/bin/../../toolchain/lib/libc.a)iovsscanf.o
(/home/dmcdonald/lantisdev/lantis-top/lantis/toolchain/bin/../../toolchain/lib/libc.a)iofopen64.o
(/home/dmcdonald/lantisdev/lantis-top/lantis/toolchain/bin/../../toolchain/lib/libc.a)putchar_u.o
(/home/dmcdonald/lantisdev/lantis-top/lantis/toolchain/bin/../../toolchain/lib/libc.a)clearerr.o
(/home/dmcdonald/lantisdev/lantis-top/lantis/toolchain/bin/../../toolchain/lib/libc.a)feof.o
(/home/dmcdonald/lantisdev/lantis-top/lantis/toolchain/bin/../../toolchain/lib/libc.a)ferror.o
(/home/dmcdonald/lantisdev/lantis-top/lantis/toolchain/bin/../../toolchain/lib/libc.a)fileno.o
(/home/dmcdonald/lantisdev/lantis-top/lantis/toolchain/bin/../../toolchain/lib/libc.a)fputc.o
(/home/dmcdonald/lantisdev/lantis-top/lantis/toolchain/bin/../../toolchain/lib/libc.a)fseek.o
(/home/dmcdonald/lantisdev/lantis-top/lantis/toolchain/bin/../../toolchain/lib/libc.a)pclose.o
(/home/dmcdonald/lantisdev/lantis-top/lantis/toolchain/bin/../../toolchain/lib/libc.a)setbuf.o
(/home/dmcdonald/lantisdev/lantis-top/lantis/toolchain/bin/../../toolchain/lib/libc.a)setlinebuf.o
(/home/dmcdonald/lantisdev/lantis-top/lantis/toolchain/bin/../../toolchain/lib/libc.a)vasprintf.o
(/home/dmcdonald/lantisdev/lantis-top/lantis/toolchain/bin/../../toolchain/lib/libc.a)iovdprintf.o
(/home/dmcdonald/lantisdev/lantis-top/lantis/toolchain/bin/../../toolchain/lib/libc.a)vsnprintf.o
(/home/dmcdonald/lantisdev/lantis-top/lantis/toolchain/bin/../../toolchain/lib/libc.a)freopen64.o
(/home/dmcdonald/lantisdev/lantis-top/lantis/toolchain/bin/../../toolchain/lib/libc.a)ftello64.o
(/home/dmcdonald/lantisdev/lantis-top/lantis/toolchain/bin/../../toolchain/lib/libc.a)libc_fatal.o
(/home/dmcdonald/lantisdev/lantis-top/lantis/toolchain/bin/../../toolchain/lib/libc.a)getc_u.o
(/home/dmcdonald/lantisdev/lantis-top/lantis/toolchain/bin/../../toolchain/lib/libc.a)getchar_u.o
(/home/dmcdonald/lantisdev/lantis-top/lantis/toolchain/bin/../../toolchain/lib/libc.a)putc_u.o
(/home/dmcdonald/lantisdev/lantis-top/lantis/toolchain/bin/../../toolchain/lib/libc.a)iofgets_u.o
(/home/dmcdonald/lantisdev/lantis-top/lantis/toolchain/bin/../../toolchain/lib/libc.a)iofputs_u.o
(/home/dmcdonald/lantisdev/lantis-top/lantis/toolchain/bin/../../toolchain/lib/libc.a)iowpadn.o
(/home/dmcdonald/lantisdev/lantis-top/lantis/toolchain/bin/../../toolchain/lib/libc.a)wgenops.o
(/home/dmcdonald/lantisdev/lantis-top/lantis/toolchain/bin/../../toolchain/lib/libc.a)wfileops.o
(/home/dmcdonald/lantisdev/lantis-top/lantis/toolchain/bin/../../toolchain/lib/libc.a)fileops.o
(/home/dmcdonald/lantisdev/lantis-top/lantis/toolchain/bin/../../toolchain/lib/libc.a)genops.o
(/home/dmcdonald/lantisdev/lantis-top/lantis/toolchain/bin/../../toolchain/lib/libc.a)stdfiles.o
(/home/dmcdonald/lantisdev/lantis-top/lantis/toolchain/bin/../../toolchain/lib/libc.a)stdio.o
(/home/dmcdonald/lantisdev/lantis-top/lantis/toolchain/bin/../../toolchain/lib/libc.a)strops.o
(/home/dmcdonald/lantisdev/lantis-top/lantis/toolchain/bin/../../toolchain/lib/libc.a)malloc.o
(/home/dmcdonald/lantisdev/lantis-top/lantis/toolchain/bin/../../toolchain/lib/libc.a)morecore.o
(/home/dmcdonald/lantisdev/lantis-top/lantis/toolchain/bin/../../toolchain/lib/libc.a)strcat.o
(/home/dmcdonald/lantisdev/lantis-top/lantis/toolchain/bin/../../toolchain/lib/libc.a)strchr.o
(/home/dmcdonald/lantisdev/lantis-top/lantis/toolchain/bin/../../toolchain/lib/libc.a)strcmp.o
(/home/dmcdonald/lantisdev/lantis-top/lantis/toolchain/bin/../../toolchain/lib/libc.a)strcpy.o
(/home/dmcdonald/lantisdev/lantis-top/lantis/toolchain/bin/../../toolchain/lib/libc.a)strcspn.o
(/home/dmcdonald/lantisdev/lantis-top/lantis/toolchain/bin/../../toolchain/lib/libc.a)strverscmp.o
(/home/dmcdonald/lantisdev/lantis-top/lantis/toolchain/bin/../../toolchain/lib/libc.a)strdup.o
(/home/dmcdonald/lantisdev/lantis-top/lantis/toolchain/bin/../../toolchain/lib/libc.a)strerror.o
(/home/dmcdonald/lantisdev/lantis-top/lantis/toolchain/bin/../../toolchain/lib/libc.a)_strerror.o
(/home/dmcdonald/lantisdev/lantis-top/lantis/toolchain/bin/../../toolchain/lib/libc.a)strlen.o
(/home/dmcdonald/lantisdev/lantis-top/lantis/toolchain/bin/../../toolchain/lib/libc.a)strnlen.o
(/home/dmcdonald/lantisdev/lantis-top/lantis/toolchain/bin/../../toolchain/lib/libc.a)strncmp.o
(/home/dmcdonald/lantisdev/lantis-top/lantis/toolchain/bin/../../toolchain/lib/libc.a)strncpy.o
(/home/dmcdonald/lantisdev/lantis-top/lantis/toolchain/bin/../../toolchain/lib/libc.a)strrchr.o
(/home/dmcdonald/lantisdev/lantis-top/lantis/toolchain/bin/../../toolchain/lib/libc.a)strpbrk.o
(/home/dmcdonald/lantisdev/lantis-top/lantis/toolchain/bin/../../toolchain/lib/libc.a)strsignal.o
(/home/dmcdonald/lantisdev/lantis-top/lantis/toolchain/bin/../../toolchain/lib/libc.a)strspn.o
(/home/dmcdonald/lantisdev/lantis-top/lantis/toolchain/bin/../../toolchain/lib/libc.a)strstr.o
(/home/dmcdonald/lantisdev/lantis-top/lantis/toolchain/bin/../../toolchain/lib/libc.a)strtok.o
(/home/dmcdonald/lantisdev/lantis-top/lantis/toolchain/bin/../../toolchain/lib/libc.a)memchr.o
(/home/dmcdonald/lantisdev/lantis-top/lantis/toolchain/bin/../../toolchain/lib/libc.a)memcmp.o
(/home/dmcdonald/lantisdev/lantis-top/lantis/toolchain/bin/../../toolchain/lib/libc.a)memmove.o
(/home/dmcdonald/lantisdev/lantis-top/lantis/toolchain/bin/../../toolchain/lib/libc.a)memset.o
(/home/dmcdonald/lantisdev/lantis-top/lantis/toolchain/bin/../../toolchain/lib/libc.a)mempcpy.o
(/home/dmcdonald/lantisdev/lantis-top/lantis/toolchain/bin/../../toolchain/lib/libc.a)stpcpy.o
(/home/dmcdonald/lantisdev/lantis-top/lantis/toolchain/bin/../../toolchain/lib/libc.a)strcasecmp.o
(/home/dmcdonald/lantisdev/lantis-top/lantis/toolchain/bin/../../toolchain/lib/libc.a)strncase.o
(/home/dmcdonald/lantisdev/lantis-top/lantis/toolchain/bin/../../toolchain/lib/libc.a)strncase_l.o
(/home/dmcdonald/lantisdev/lantis-top/lantis/toolchain/bin/../../toolchain/lib/libc.a)memcpy.o
(/home/dmcdonald/lantisdev/lantis-top/lantis/toolchain/bin/../../toolchain/lib/libc.a)wordcopy.o
(/home/dmcdonald/lantisdev/lantis-top/lantis/toolchain/bin/../../toolchain/lib/libc.a)strsep.o
(/home/dmcdonald/lantisdev/lantis-top/lantis/toolchain/bin/../../toolchain/lib/libc.a)strcasestr.o
(/home/dmcdonald/lantisdev/lantis-top/lantis/toolchain/bin/../../toolchain/lib/libc.a)swab.o
(/home/dmcdonald/lantisdev/lantis-top/lantis/toolchain/bin/../../toolchain/lib/libc.a)rawmemchr.o
(/home/dmcdonald/lantisdev/lantis-top/lantis/toolchain/bin/../../toolchain/lib/libc.a)strchrnul.o
(/home/dmcdonald/lantisdev/lantis-top/lantis/toolchain/bin/../../toolchain/lib/libc.a)memrchr.o
(/home/dmcdonald/lantisdev/lantis-top/lantis/toolchain/bin/../../toolchain/lib/libc.a)wmemcpy.o
(/home/dmcdonald/lantisdev/lantis-top/lantis/toolchain/bin/../../toolchain/lib/libc.a)wmemset.o
(/home/dmcdonald/lantisdev/lantis-top/lantis/toolchain/bin/../../toolchain/lib/libc.a)wmemmove.o
(/home/dmcdonald/lantisdev/lantis-top/lantis/toolchain/bin/../../toolchain/lib/libc.a)wmempcpy.o
(/home/dmcdonald/lantisdev/lantis-top/lantis/toolchain/bin/../../toolchain/lib/libc.a)wcrtomb.o
(/home/dmcdonald/lantisdev/lantis-top/lantis/toolchain/bin/../../toolchain/lib/libc.a)wcsrtombs.o
(/home/dmcdonald/lantisdev/lantis-top/lantis/toolchain/bin/../../toolchain/lib/libc.a)mbsnrtowcs.o
(/home/dmcdonald/lantisdev/lantis-top/lantis/toolchain/bin/../../toolchain/lib/libc.a)wcsnlen.o
(/home/dmcdonald/lantisdev/lantis-top/lantis/toolchain/bin/../../toolchain/lib/libc.a)wcsmbsload.o
(/home/dmcdonald/lantisdev/lantis-top/lantis/toolchain/bin/../../toolchain/lib/libc.a)ctime.o
(/home/dmcdonald/lantisdev/lantis-top/lantis/toolchain/bin/../../toolchain/lib/libc.a)gmtime.o
(/home/dmcdonald/lantisdev/lantis-top/lantis/toolchain/bin/../../toolchain/lib/libc.a)localtime.o
(/home/dmcdonald/lantisdev/lantis-top/lantis/toolchain/bin/../../toolchain/lib/libc.a)mktime.o
(/home/dmcdonald/lantisdev/lantis-top/lantis/toolchain/bin/../../toolchain/lib/libc.a)time.o
(/home/dmcdonald/lantisdev/lantis-top/lantis/toolchain/bin/../../toolchain/lib/libc.a)gettimeofday.o
(/home/dmcdonald/lantisdev/lantis-top/lantis/toolchain/bin/../../toolchain/lib/libc.a)settimeofday.o
(/home/dmcdonald/lantisdev/lantis-top/lantis/toolchain/bin/../../toolchain/lib/libc.a)tzset.o
(/home/dmcdonald/lantisdev/lantis-top/lantis/toolchain/bin/../../toolchain/lib/libc.a)tzfile.o
(/home/dmcdonald/lantisdev/lantis-top/lantis/toolchain/bin/../../toolchain/lib/libc.a)stime.o
(/home/dmcdonald/lantisdev/lantis-top/lantis/toolchain/bin/../../toolchain/lib/libc.a)strptime.o
(/home/dmcdonald/lantisdev/lantis-top/lantis/toolchain/bin/../../toolchain/lib/libc.a)strptime_l.o
(/home/dmcdonald/lantisdev/lantis-top/lantis/toolchain/bin/../../toolchain/lib/libc.a)strftime.o
(/home/dmcdonald/lantisdev/lantis-top/lantis/toolchain/bin/../../toolchain/lib/libc.a)strftime_l.o
(/home/dmcdonald/lantisdev/lantis-top/lantis/toolchain/bin/../../toolchain/lib/libc.a)alt_digit.o
(/home/dmcdonald/lantisdev/lantis-top/lantis/toolchain/bin/../../toolchain/lib/libc.a)era.o
(/home/dmcdonald/lantisdev/lantis-top/lantis/toolchain/bin/../../toolchain/lib/libc.a)lc-time-cleanup.o
(/home/dmcdonald/lantisdev/lantis-top/lantis/toolchain/bin/../../toolchain/lib/libc.a)opendir.o
(/home/dmcdonald/lantisdev/lantis-top/lantis/toolchain/bin/../../toolchain/lib/libc.a)closedir.o
(/home/dmcdonald/lantisdev/lantis-top/lantis/toolchain/bin/../../toolchain/lib/libc.a)readdir64.o
(/home/dmcdonald/lantisdev/lantis-top/lantis/toolchain/bin/../../toolchain/lib/libc.a)initgroups.o
(/home/dmcdonald/lantisdev/lantis-top/lantis/toolchain/bin/../../toolchain/lib/libc.a)setgroups.o
(/home/dmcdonald/lantisdev/lantis-top/lantis/toolchain/bin/../../toolchain/lib/libc.a)getgrgid.o
(/home/dmcdonald/lantisdev/lantis-top/lantis/toolchain/bin/../../toolchain/lib/libc.a)getgrnam.o
(/home/dmcdonald/lantisdev/lantis-top/lantis/toolchain/bin/../../toolchain/lib/libc.a)getgrent_r.o
(/home/dmcdonald/lantisdev/lantis-top/lantis/toolchain/bin/../../toolchain/lib/libc.a)getgrgid_r.o
(/home/dmcdonald/lantisdev/lantis-top/lantis/toolchain/bin/../../toolchain/lib/libc.a)getgrnam_r.o
(/home/dmcdonald/lantisdev/lantis-top/lantis/toolchain/bin/../../toolchain/lib/libc.a)getpwnam.o
(/home/dmcdonald/lantisdev/lantis-top/lantis/toolchain/bin/../../toolchain/lib/libc.a)getpwuid.o
(/home/dmcdonald/lantisdev/lantis-top/lantis/toolchain/bin/../../toolchain/lib/libc.a)getpwent_r.o
(/home/dmcdonald/lantisdev/lantis-top/lantis/toolchain/bin/../../toolchain/lib/libc.a)getpwnam_r.o
(/home/dmcdonald/lantisdev/lantis-top/lantis/toolchain/bin/../../toolchain/lib/libc.a)getpwuid_r.o
(/home/dmcdonald/lantisdev/lantis-top/lantis/toolchain/bin/../../toolchain/lib/libc.a)uname.o
(/home/dmcdonald/lantisdev/lantis-top/lantis/toolchain/bin/../../toolchain/lib/libc.a)times.o
(/home/dmcdonald/lantisdev/lantis-top/lantis/toolchain/bin/../../toolchain/lib/libc.a)wait.o
(/home/dmcdonald/lantisdev/lantis-top/lantis/toolchain/bin/../../toolchain/lib/libc.a)waitpid.o
(/home/dmcdonald/lantisdev/lantis-top/lantis/toolchain/bin/../../toolchain/lib/libc.a)wait3.o
(/home/dmcdonald/lantisdev/lantis-top/lantis/toolchain/bin/../../toolchain/lib/libc.a)wait4.o
(/home/dmcdonald/lantisdev/lantis-top/lantis/toolchain/bin/../../toolchain/lib/libc.a)alarm.o
(/home/dmcdonald/lantisdev/lantis-top/lantis/toolchain/bin/../../toolchain/lib/libc.a)sleep.o
(/home/dmcdonald/lantisdev/lantis-top/lantis/toolchain/bin/../../toolchain/lib/libc.a)pause.o
(/home/dmcdonald/lantisdev/lantis-top/lantis/toolchain/bin/../../toolchain/lib/libc.a)nanosleep.o
(/home/dmcdonald/lantisdev/lantis-top/lantis/toolchain/bin/../../toolchain/lib/libc.a)fork.o
(/home/dmcdonald/lantisdev/lantis-top/lantis/toolchain/bin/../../toolchain/lib/libc.a)vfork.o
(/home/dmcdonald/lantisdev/lantis-top/lantis/toolchain/bin/../../toolchain/lib/libc.a)_exit.o
(/home/dmcdonald/lantisdev/lantis-top/lantis/toolchain/bin/../../toolchain/lib/libc.a)execve.o
(/home/dmcdonald/lantisdev/lantis-top/lantis/toolchain/bin/../../toolchain/lib/libc.a)execv.o
(/home/dmcdonald/lantisdev/lantis-top/lantis/toolchain/bin/../../toolchain/lib/libc.a)execle.o
(/home/dmcdonald/lantisdev/lantis-top/lantis/toolchain/bin/../../toolchain/lib/libc.a)execl.o
(/home/dmcdonald/lantisdev/lantis-top/lantis/toolchain/bin/../../toolchain/lib/libc.a)execvp.o
(/home/dmcdonald/lantisdev/lantis-top/lantis/toolchain/bin/../../toolchain/lib/libc.a)execlp.o
(/home/dmcdonald/lantisdev/lantis-top/lantis/toolchain/bin/../../toolchain/lib/libc.a)execvpe.o
(/home/dmcdonald/lantisdev/lantis-top/lantis/toolchain/bin/../../toolchain/lib/libc.a)getpid.o
(/home/dmcdonald/lantisdev/lantis-top/lantis/toolchain/bin/../../toolchain/lib/libc.a)getppid.o
(/home/dmcdonald/lantisdev/lantis-top/lantis/toolchain/bin/../../toolchain/lib/libc.a)getuid.o
(/home/dmcdonald/lantisdev/lantis-top/lantis/toolchain/bin/../../toolchain/lib/libc.a)geteuid.o
(/home/dmcdonald/lantisdev/lantis-top/lantis/toolchain/bin/../../toolchain/lib/libc.a)getgid.o
(/home/dmcdonald/lantisdev/lantis-top/lantis/toolchain/bin/../../toolchain/lib/libc.a)getegid.o
(/home/dmcdonald/lantisdev/lantis-top/lantis/toolchain/bin/../../toolchain/lib/libc.a)getgroups.o
(/home/dmcdonald/lantisdev/lantis-top/lantis/toolchain/bin/../../toolchain/lib/libc.a)setuid.o
(/home/dmcdonald/lantisdev/lantis-top/lantis/toolchain/bin/../../toolchain/lib/libc.a)setgid.o
(/home/dmcdonald/lantisdev/lantis-top/lantis/toolchain/bin/../../toolchain/lib/libc.a)setpgid.o
(/home/dmcdonald/lantisdev/lantis-top/lantis/toolchain/bin/../../toolchain/lib/libc.a)getpgrp.o
(/home/dmcdonald/lantisdev/lantis-top/lantis/toolchain/bin/../../toolchain/lib/libc.a)setpgrp.o
(/home/dmcdonald/lantisdev/lantis-top/lantis/toolchain/bin/../../toolchain/lib/libc.a)getsid.o
(/home/dmcdonald/lantisdev/lantis-top/lantis/toolchain/bin/../../toolchain/lib/libc.a)setsid.o
(/home/dmcdonald/lantisdev/lantis-top/lantis/toolchain/bin/../../toolchain/lib/libc.a)setresuid.o
(/home/dmcdonald/lantisdev/lantis-top/lantis/toolchain/bin/../../toolchain/lib/libc.a)setresgid.o
(/home/dmcdonald/lantisdev/lantis-top/lantis/toolchain/bin/../../toolchain/lib/libc.a)sysconf.o
(/home/dmcdonald/lantisdev/lantis-top/lantis/toolchain/bin/../../toolchain/lib/libc.a)fnmatch.o
(/home/dmcdonald/lantisdev/lantis-top/lantis/toolchain/bin/../../toolchain/lib/libc.a)confstr.o
(/home/dmcdonald/lantisdev/lantis-top/lantis/toolchain/bin/../../toolchain/lib/libc.a)getopt.o
(/home/dmcdonald/lantisdev/lantis-top/lantis/toolchain/bin/../../toolchain/lib/libc.a)getopt1.o
(/home/dmcdonald/lantisdev/lantis-top/lantis/toolchain/bin/../../toolchain/lib/libc.a)sched_getp.o
(/home/dmcdonald/lantisdev/lantis-top/lantis/toolchain/bin/../../toolchain/lib/libc.a)sched_sets.o
(/home/dmcdonald/lantisdev/lantis-top/lantis/toolchain/bin/../../toolchain/lib/libc.a)sched_gets.o
(/home/dmcdonald/lantisdev/lantis-top/lantis/toolchain/bin/../../toolchain/lib/libc.a)sched_yield.o
(/home/dmcdonald/lantisdev/lantis-top/lantis/toolchain/bin/../../toolchain/lib/libc.a)sched_primax.o
(/home/dmcdonald/lantisdev/lantis-top/lantis/toolchain/bin/../../toolchain/lib/libc.a)sched_primin.o
(/home/dmcdonald/lantisdev/lantis-top/lantis/toolchain/bin/../../toolchain/lib/libc.a)get_child_max.o
(/home/dmcdonald/lantisdev/lantis-top/lantis/toolchain/bin/../../toolchain/lib/libc.a)getaddrinfo.o
(/home/dmcdonald/lantisdev/lantis-top/lantis/toolchain/bin/../../toolchain/lib/libc.a)gai_strerror.o
(/home/dmcdonald/lantisdev/lantis-top/lantis/toolchain/bin/../../toolchain/lib/libc.a)regex.o
(/home/dmcdonald/lantisdev/lantis-top/lantis/toolchain/bin/../../toolchain/lib/libc.a)getlogin_r.o
(/home/dmcdonald/lantisdev/lantis-top/lantis/toolchain/bin/../../toolchain/lib/libc.a)environ.o
(/home/dmcdonald/lantisdev/lantis-top/lantis/toolchain/bin/../../toolchain/lib/libc.a)exit-thread.o
(/home/dmcdonald/lantisdev/lantis-top/lantis/toolchain/bin/../../toolchain/lib/libc.a)mkfifo.o
(/home/dmcdonald/lantisdev/lantis-top/lantis/toolchain/bin/../../toolchain/lib/libc.a)stat64.o
(/home/dmcdonald/lantisdev/lantis-top/lantis/toolchain/bin/../../toolchain/lib/libc.a)fstat64.o
(/home/dmcdonald/lantisdev/lantis-top/lantis/toolchain/bin/../../toolchain/lib/libc.a)lstat64.o
(/home/dmcdonald/lantisdev/lantis-top/lantis/toolchain/bin/../../toolchain/lib/libc.a)xstat64.o
(/home/dmcdonald/lantisdev/lantis-top/lantis/toolchain/bin/../../toolchain/lib/libc.a)fxstat64.o
(/home/dmcdonald/lantisdev/lantis-top/lantis/toolchain/bin/../../toolchain/lib/libc.a)lxstat64.o
(/home/dmcdonald/lantisdev/lantis-top/lantis/toolchain/bin/../../toolchain/lib/libc.a)mknod.o
(/home/dmcdonald/lantisdev/lantis-top/lantis/toolchain/bin/../../toolchain/lib/libc.a)xmknod.o
(/home/dmcdonald/lantisdev/lantis-top/lantis/toolchain/bin/../../toolchain/lib/libc.a)statfs64.o
(/home/dmcdonald/lantisdev/lantis-top/lantis/toolchain/bin/../../toolchain/lib/libc.a)umask.o
(/home/dmcdonald/lantisdev/lantis-top/lantis/toolchain/bin/../../toolchain/lib/libc.a)chmod.o
(/home/dmcdonald/lantisdev/lantis-top/lantis/toolchain/bin/../../toolchain/lib/libc.a)fchmod.o
(/home/dmcdonald/lantisdev/lantis-top/lantis/toolchain/bin/../../toolchain/lib/libc.a)mkdir.o
(/home/dmcdonald/lantisdev/lantis-top/lantis/toolchain/bin/../../toolchain/lib/libc.a)open.o
(/home/dmcdonald/lantisdev/lantis-top/lantis/toolchain/bin/../../toolchain/lib/libc.a)open64.o
(/home/dmcdonald/lantisdev/lantis-top/lantis/toolchain/bin/../../toolchain/lib/libc.a)close.o
(/home/dmcdonald/lantisdev/lantis-top/lantis/toolchain/bin/../../toolchain/lib/libc.a)read.o
(/home/dmcdonald/lantisdev/lantis-top/lantis/toolchain/bin/../../toolchain/lib/libc.a)write.o
(/home/dmcdonald/lantisdev/lantis-top/lantis/toolchain/bin/../../toolchain/lib/libc.a)access.o
(/home/dmcdonald/lantisdev/lantis-top/lantis/toolchain/bin/../../toolchain/lib/libc.a)fcntl.o
(/home/dmcdonald/lantisdev/lantis-top/lantis/toolchain/bin/../../toolchain/lib/libc.a)flock.o
(/home/dmcdonald/lantisdev/lantis-top/lantis/toolchain/bin/../../toolchain/lib/libc.a)dup.o
(/home/dmcdonald/lantisdev/lantis-top/lantis/toolchain/bin/../../toolchain/lib/libc.a)dup2.o
(/home/dmcdonald/lantisdev/lantis-top/lantis/toolchain/bin/../../toolchain/lib/libc.a)pipe.o
(/home/dmcdonald/lantisdev/lantis-top/lantis/toolchain/bin/../../toolchain/lib/libc.a)pipe2.o
(/home/dmcdonald/lantisdev/lantis-top/lantis/toolchain/bin/../../toolchain/lib/libc.a)chdir.o
(/home/dmcdonald/lantisdev/lantis-top/lantis/toolchain/bin/../../toolchain/lib/libc.a)fchdir.o
(/home/dmcdonald/lantisdev/lantis-top/lantis/toolchain/bin/../../toolchain/lib/libc.a)getcwd.o
(/home/dmcdonald/lantisdev/lantis-top/lantis/toolchain/bin/../../toolchain/lib/libc.a)chown.o
(/home/dmcdonald/lantisdev/lantis-top/lantis/toolchain/bin/../../toolchain/lib/libc.a)fchown.o
(/home/dmcdonald/lantisdev/lantis-top/lantis/toolchain/bin/../../toolchain/lib/libc.a)lchown.o
(/home/dmcdonald/lantisdev/lantis-top/lantis/toolchain/bin/../../toolchain/lib/libc.a)ttyname_r.o
(/home/dmcdonald/lantisdev/lantis-top/lantis/toolchain/bin/../../toolchain/lib/libc.a)isatty.o
(/home/dmcdonald/lantisdev/lantis-top/lantis/toolchain/bin/../../toolchain/lib/libc.a)link.o
(/home/dmcdonald/lantisdev/lantis-top/lantis/toolchain/bin/../../toolchain/lib/libc.a)symlink.o
(/home/dmcdonald/lantisdev/lantis-top/lantis/toolchain/bin/../../toolchain/lib/libc.a)readlink.o
(/home/dmcdonald/lantisdev/lantis-top/lantis/toolchain/bin/../../toolchain/lib/libc.a)unlink.o
(/home/dmcdonald/lantisdev/lantis-top/lantis/toolchain/bin/../../toolchain/lib/libc.a)rmdir.o
(/home/dmcdonald/lantisdev/lantis-top/lantis/toolchain/bin/../../toolchain/lib/libc.a)poll.o
(/home/dmcdonald/lantisdev/lantis-top/lantis/toolchain/bin/../../toolchain/lib/libc.a)have_o_cloexec.o
(/home/dmcdonald/lantisdev/lantis-top/lantis/toolchain/bin/../../toolchain/lib/libc.a)speed.o
(/home/dmcdonald/lantisdev/lantis-top/lantis/toolchain/bin/../../toolchain/lib/libc.a)cfsetspeed.o
(/home/dmcdonald/lantisdev/lantis-top/lantis/toolchain/bin/../../toolchain/lib/libc.a)tcsetattr.o
(/home/dmcdonald/lantisdev/lantis-top/lantis/toolchain/bin/../../toolchain/lib/libc.a)tcgetattr.o
(/home/dmcdonald/lantisdev/lantis-top/lantis/toolchain/bin/../../toolchain/lib/libc.a)tcgetpgrp.o
(/home/dmcdonald/lantisdev/lantis-top/lantis/toolchain/bin/../../toolchain/lib/libc.a)tcsetpgrp.o
(/home/dmcdonald/lantisdev/lantis-top/lantis/toolchain/bin/../../toolchain/lib/libc.a)tcdrain.o
(/home/dmcdonald/lantisdev/lantis-top/lantis/toolchain/bin/../../toolchain/lib/libc.a)tcflush.o
(/home/dmcdonald/lantisdev/lantis-top/lantis/toolchain/bin/../../toolchain/lib/libc.a)cfmakeraw.o
(/home/dmcdonald/lantisdev/lantis-top/lantis/toolchain/bin/../../toolchain/lib/libc.a)getrlimit.o
(/home/dmcdonald/lantisdev/lantis-top/lantis/toolchain/bin/../../toolchain/lib/libc.a)getrlimit64.o
(/home/dmcdonald/lantisdev/lantis-top/lantis/toolchain/bin/../../toolchain/lib/libc.a)setrlimit64.o
(/home/dmcdonald/lantisdev/lantis-top/lantis/toolchain/bin/../../toolchain/lib/libc.a)getpriority.o
(/home/dmcdonald/lantisdev/lantis-top/lantis/toolchain/bin/../../toolchain/lib/libc.a)setpriority.o
(/home/dmcdonald/lantisdev/lantis-top/lantis/toolchain/bin/../../toolchain/lib/libc.a)nice.o
(/home/dmcdonald/lantisdev/lantis-top/lantis/toolchain/bin/../../toolchain/lib/libc.a)sbrk.o
(/home/dmcdonald/lantisdev/lantis-top/lantis/toolchain/bin/../../toolchain/lib/libc.a)ioctl.o
(/home/dmcdonald/lantisdev/lantis-top/lantis/toolchain/bin/../../toolchain/lib/libc.a)getpagesize.o
(/home/dmcdonald/lantisdev/lantis-top/lantis/toolchain/bin/../../toolchain/lib/libc.a)getdtsz.o
(/home/dmcdonald/lantisdev/lantis-top/lantis/toolchain/bin/../../toolchain/lib/libc.a)sethostname.o
(/home/dmcdonald/lantisdev/lantis-top/lantis/toolchain/bin/../../toolchain/lib/libc.a)select.o
(/home/dmcdonald/lantisdev/lantis-top/lantis/toolchain/bin/../../toolchain/lib/libc.a)chroot.o
(/home/dmcdonald/lantisdev/lantis-top/lantis/toolchain/bin/../../toolchain/lib/libc.a)fsync.o
(/home/dmcdonald/lantisdev/lantis-top/lantis/toolchain/bin/../../toolchain/lib/libc.a)sync.o
(/home/dmcdonald/lantisdev/lantis-top/lantis/toolchain/bin/../../toolchain/lib/libc.a)reboot.o
(/home/dmcdonald/lantisdev/lantis-top/lantis/toolchain/bin/../../toolchain/lib/libc.a)gethostid.o
(/home/dmcdonald/lantisdev/lantis-top/lantis/toolchain/bin/../../toolchain/lib/libc.a)swapon.o
(/home/dmcdonald/lantisdev/lantis-top/lantis/toolchain/bin/../../toolchain/lib/libc.a)swapoff.o
(/home/dmcdonald/lantisdev/lantis-top/lantis/toolchain/bin/../../toolchain/lib/libc.a)mkstemp64.o
(/home/dmcdonald/lantisdev/lantis-top/lantis/toolchain/bin/../../toolchain/lib/libc.a)mkdtemp.o
(/home/dmcdonald/lantisdev/lantis-top/lantis/toolchain/bin/../../toolchain/lib/libc.a)usleep.o
(/home/dmcdonald/lantisdev/lantis-top/lantis/toolchain/bin/../../toolchain/lib/libc.a)mntent.o
(/home/dmcdonald/lantisdev/lantis-top/lantis/toolchain/bin/../../toolchain/lib/libc.a)mntent_r.o
(/home/dmcdonald/lantisdev/lantis-top/lantis/toolchain/bin/../../toolchain/lib/libc.a)utimes.o
(/home/dmcdonald/lantisdev/lantis-top/lantis/toolchain/bin/../../toolchain/lib/libc.a)ftruncate64.o
(/home/dmcdonald/lantisdev/lantis-top/lantis/toolchain/bin/../../toolchain/lib/libc.a)getusershell.o
(/home/dmcdonald/lantisdev/lantis-top/lantis/toolchain/bin/../../toolchain/lib/libc.a)syslog.o
(/home/dmcdonald/lantisdev/lantis-top/lantis/toolchain/bin/../../toolchain/lib/libc.a)syscall.o
(/home/dmcdonald/lantisdev/lantis-top/lantis/toolchain/bin/../../toolchain/lib/libc.a)daemon.o
(/home/dmcdonald/lantisdev/lantis-top/lantis/toolchain/bin/../../toolchain/lib/libc.a)mmap.o
(/home/dmcdonald/lantisdev/lantis-top/lantis/toolchain/bin/../../toolchain/lib/libc.a)mmap64.o
(/home/dmcdonald/lantisdev/lantis-top/lantis/toolchain/bin/../../toolchain/lib/libc.a)munmap.o
(/home/dmcdonald/lantisdev/lantis-top/lantis/toolchain/bin/../../toolchain/lib/libc.a)mprotect.o
(/home/dmcdonald/lantisdev/lantis-top/lantis/toolchain/bin/../../toolchain/lib/libc.a)madvise.o
(/home/dmcdonald/lantisdev/lantis-top/lantis/toolchain/bin/../../toolchain/lib/libc.a)mlock.o
(/home/dmcdonald/lantisdev/lantis-top/lantis/toolchain/bin/../../toolchain/lib/libc.a)munlock.o
(/home/dmcdonald/lantisdev/lantis-top/lantis/toolchain/bin/../../toolchain/lib/libc.a)tsearch.o
(/home/dmcdonald/lantisdev/lantis-top/lantis/toolchain/bin/../../toolchain/lib/libc.a)getsysstats.o
(/home/dmcdonald/lantisdev/lantis-top/lantis/toolchain/bin/../../toolchain/lib/libc.a)dirname.o
(/home/dmcdonald/lantisdev/lantis-top/lantis/toolchain/bin/../../toolchain/lib/libc.a)getclktck.o
(/home/dmcdonald/lantisdev/lantis-top/lantis/toolchain/bin/../../toolchain/lib/libc.a)init-misc.o
(/home/dmcdonald/lantisdev/lantis-top/lantis/toolchain/bin/../../toolchain/lib/libc.a)llseek.o
(/home/dmcdonald/lantisdev/lantis-top/lantis/toolchain/bin/../../toolchain/lib/libc.a)umount.o
(/home/dmcdonald/lantisdev/lantis-top/lantis/toolchain/bin/../../toolchain/lib/libc.a)umount2.o
(/home/dmcdonald/lantisdev/lantis-top/lantis/toolchain/bin/../../toolchain/lib/libc.a)makedev.o
(/home/dmcdonald/lantisdev/lantis-top/lantis/toolchain/bin/../../toolchain/lib/libc.a)klogctl.o
(/home/dmcdonald/lantisdev/lantis-top/lantis/toolchain/bin/../../toolchain/lib/libc.a)mount.o
(/home/dmcdonald/lantisdev/lantis-top/lantis/toolchain/bin/../../toolchain/lib/libc.a)mremap.o
(/home/dmcdonald/lantisdev/lantis-top/lantis/toolchain/bin/../../toolchain/lib/libc.a)pivot_root.o
(/home/dmcdonald/lantisdev/lantis-top/lantis/toolchain/bin/../../toolchain/lib/libc.a)sysinfo.o
(/home/dmcdonald/lantisdev/lantis-top/lantis/toolchain/bin/../../toolchain/lib/libc.a)accept.o
(/home/dmcdonald/lantisdev/lantis-top/lantis/toolchain/bin/../../toolchain/lib/libc.a)bind.o
(/home/dmcdonald/lantisdev/lantis-top/lantis/toolchain/bin/../../toolchain/lib/libc.a)connect.o
(/home/dmcdonald/lantisdev/lantis-top/lantis/toolchain/bin/../../toolchain/lib/libc.a)getpeername.o
(/home/dmcdonald/lantisdev/lantis-top/lantis/toolchain/bin/../../toolchain/lib/libc.a)getsockname.o
(/home/dmcdonald/lantisdev/lantis-top/lantis/toolchain/bin/../../toolchain/lib/libc.a)listen.o
(/home/dmcdonald/lantisdev/lantis-top/lantis/toolchain/bin/../../toolchain/lib/libc.a)recv.o
(/home/dmcdonald/lantisdev/lantis-top/lantis/toolchain/bin/../../toolchain/lib/libc.a)recvfrom.o
(/home/dmcdonald/lantisdev/lantis-top/lantis/toolchain/bin/../../toolchain/lib/libc.a)recvmsg.o
(/home/dmcdonald/lantisdev/lantis-top/lantis/toolchain/bin/../../toolchain/lib/libc.a)send.o
(/home/dmcdonald/lantisdev/lantis-top/lantis/toolchain/bin/../../toolchain/lib/libc.a)sendmsg.o
(/home/dmcdonald/lantisdev/lantis-top/lantis/toolchain/bin/../../toolchain/lib/libc.a)sendto.o
(/home/dmcdonald/lantisdev/lantis-top/lantis/toolchain/bin/../../toolchain/lib/libc.a)setsockopt.o
(/home/dmcdonald/lantisdev/lantis-top/lantis/toolchain/bin/../../toolchain/lib/libc.a)shutdown.o
(/home/dmcdonald/lantisdev/lantis-top/lantis/toolchain/bin/../../toolchain/lib/libc.a)socket.o
(/home/dmcdonald/lantisdev/lantis-top/lantis/toolchain/bin/../../toolchain/lib/libc.a)have_sock_cloexec.o
(/home/dmcdonald/lantisdev/lantis-top/lantis/toolchain/bin/../../toolchain/lib/libc.a)cmsg_nxthdr.o
(/home/dmcdonald/lantisdev/lantis-top/lantis/toolchain/bin/../../toolchain/lib/libc.a)wctrans.o
(/home/dmcdonald/lantisdev/lantis-top/lantis/toolchain/bin/../../toolchain/lib/libc.a)towctrans.o
(/home/dmcdonald/lantisdev/lantis-top/lantis/toolchain/bin/../../toolchain/lib/libc.a)wcfuncs.o
(/home/dmcdonald/lantisdev/lantis-top/lantis/toolchain/bin/../../toolchain/lib/libc.a)wctype.o
(/home/dmcdonald/lantisdev/lantis-top/lantis/toolchain/bin/../../toolchain/lib/libc.a)iswctype.o
(/home/dmcdonald/lantisdev/lantis-top/lantis/toolchain/bin/../../toolchain/lib/libc.a)alloca_cutoff.o
(/home/dmcdonald/lantisdev/lantis-top/lantis/toolchain/bin/../../toolchain/lib/libc.a)libc-lowlevellock.o
(/home/dmcdonald/lantisdev/lantis-top/lantis/toolchain/bin/../../toolchain/lib/libc.a)libc-cancellation.o
(/home/dmcdonald/lantisdev/lantis-top/lantis/toolchain/bin/../../toolchain/lib/libc.a)register-atfork.o
(/home/dmcdonald/lantisdev/lantis-top/lantis/toolchain/bin/../../toolchain/lib/libc.a)herror.o
(/home/dmcdonald/lantisdev/lantis-top/lantis/toolchain/bin/../../toolchain/lib/libc.a)inet_addr.o
(/home/dmcdonald/lantisdev/lantis-top/lantis/toolchain/bin/../../toolchain/lib/libc.a)inet_ntop.o
(/home/dmcdonald/lantisdev/lantis-top/lantis/toolchain/bin/../../toolchain/lib/libc.a)inet_pton.o
(/home/dmcdonald/lantisdev/lantis-top/lantis/toolchain/bin/../../toolchain/lib/libc.a)res_hconf.o
(/home/dmcdonald/lantisdev/lantis-top/lantis/toolchain/bin/../../toolchain/lib/libc.a)res_libc.o
(/home/dmcdonald/lantisdev/lantis-top/lantis/toolchain/bin/../../toolchain/lib/libc.a)res-state.o
(/home/dmcdonald/lantisdev/lantis-top/lantis/toolchain/bin/../../toolchain/lib/libc.a)nsswitch.o
(/home/dmcdonald/lantisdev/lantis-top/lantis/toolchain/bin/../../toolchain/lib/libc.a)getnssent_r.o
(/home/dmcdonald/lantisdev/lantis-top/lantis/toolchain/bin/../../toolchain/lib/libc.a)grp-lookup.o
(/home/dmcdonald/lantisdev/lantis-top/lantis/toolchain/bin/../../toolchain/lib/libc.a)pwd-lookup.o
(/home/dmcdonald/lantisdev/lantis-top/lantis/toolchain/bin/../../toolchain/lib/libc.a)hosts-lookup.o
(/home/dmcdonald/lantisdev/lantis-top/lantis/toolchain/bin/../../toolchain/lib/libc.a)vfprintf_chk.o
(/home/dmcdonald/lantisdev/lantis-top/lantis/toolchain/bin/../../toolchain/lib/libc.a)readonly-area.o
(/home/dmcdonald/lantisdev/lantis-top/lantis/toolchain/bin/../../toolchain/lib/libc.a)backtrace.o
(/home/dmcdonald/lantisdev/lantis-top/lantis/toolchain/bin/../../toolchain/lib/libc.a)backtracesymsfd.o
(/home/dmcdonald/lantisdev/lantis-top/lantis/toolchain/bin/../../toolchain/lib/libc.a)idn-stub.o
(/home/dmcdonald/lantisdev/lantis-top/lantis/toolchain/bin/../../toolchain/lib/libc.a)inet_ntoa.o
(/home/dmcdonald/lantisdev/lantis-top/lantis/toolchain/bin/../../toolchain/lib/libc.a)herrno.o
(/home/dmcdonald/lantisdev/lantis-top/lantis/toolchain/bin/../../toolchain/lib/libc.a)herrno-loc.o
(/home/dmcdonald/lantisdev/lantis-top/lantis/toolchain/bin/../../toolchain/lib/libc.a)gethstbyad.o
(/home/dmcdonald/lantisdev/lantis-top/lantis/toolchain/bin/../../toolchain/lib/libc.a)gethstbyad_r.o
(/home/dmcdonald/lantisdev/lantis-top/lantis/toolchain/bin/../../toolchain/lib/libc.a)gethstbynm.o
(/home/dmcdonald/lantisdev/lantis-top/lantis/toolchain/bin/../../toolchain/lib/libc.a)gethstbynm2_r.o
(/home/dmcdonald/lantisdev/lantis-top/lantis/toolchain/bin/../../toolchain/lib/libc.a)gethstbynm_r.o
(/home/dmcdonald/lantisdev/lantis-top/lantis/toolchain/bin/../../toolchain/lib/libc.a)getnetbyad.o
(/home/dmcdonald/lantisdev/lantis-top/lantis/toolchain/bin/../../toolchain/lib/libc.a)getnetbyad_r.o
(/home/dmcdonald/lantisdev/lantis-top/lantis/toolchain/bin/../../toolchain/lib/libc.a)getnetbynm.o
(/home/dmcdonald/lantisdev/lantis-top/lantis/toolchain/bin/../../toolchain/lib/libc.a)getnetbynm_r.o
(/home/dmcdonald/lantisdev/lantis-top/lantis/toolchain/bin/../../toolchain/lib/libc.a)getsrvbynm.o
(/home/dmcdonald/lantisdev/lantis-top/lantis/toolchain/bin/../../toolchain/lib/libc.a)getsrvbynm_r.o
(/home/dmcdonald/lantisdev/lantis-top/lantis/toolchain/bin/../../toolchain/lib/libc.a)getsrvbypt.o
(/home/dmcdonald/lantisdev/lantis-top/lantis/toolchain/bin/../../toolchain/lib/libc.a)getsrvbypt_r.o
(/home/dmcdonald/lantisdev/lantis-top/lantis/toolchain/bin/../../toolchain/lib/libc.a)ether_ntoa.o
(/home/dmcdonald/lantisdev/lantis-top/lantis/toolchain/bin/../../toolchain/lib/libc.a)ether_ntoa_r.o
(/home/dmcdonald/lantisdev/lantis-top/lantis/toolchain/bin/../../toolchain/lib/libc.a)in6_addr.o
(/home/dmcdonald/lantisdev/lantis-top/lantis/toolchain/bin/../../toolchain/lib/libc.a)getnameinfo.o
(/home/dmcdonald/lantisdev/lantis-top/lantis/toolchain/bin/../../toolchain/lib/libc.a)if_index.o
(/home/dmcdonald/lantisdev/lantis-top/lantis/toolchain/bin/../../toolchain/lib/libc.a)ifaddrs.o
(/home/dmcdonald/lantisdev/lantis-top/lantis/toolchain/bin/../../toolchain/lib/libc.a)check_pf.o
(/home/dmcdonald/lantisdev/lantis-top/lantis/toolchain/bin/../../toolchain/lib/libc.a)check_native.o
(/home/dmcdonald/lantisdev/lantis-top/lantis/toolchain/bin/../../toolchain/lib/libc.a)ifreq.o
(/home/dmcdonald/lantisdev/lantis-top/lantis/toolchain/bin/../../toolchain/lib/libc.a)auth_unix.o
(/home/dmcdonald/lantisdev/lantis-top/lantis/toolchain/bin/../../toolchain/lib/libc.a)authuxprot.o
(/home/dmcdonald/lantisdev/lantis-top/lantis/toolchain/bin/../../toolchain/lib/libc.a)bindrsvprt.o
(/home/dmcdonald/lantisdev/lantis-top/lantis/toolchain/bin/../../toolchain/lib/libc.a)clnt_perr.o
(/home/dmcdonald/lantisdev/lantis-top/lantis/toolchain/bin/../../toolchain/lib/libc.a)clnt_tcp.o
(/home/dmcdonald/lantisdev/lantis-top/lantis/toolchain/bin/../../toolchain/lib/libc.a)clnt_udp.o
(/home/dmcdonald/lantisdev/lantis-top/lantis/toolchain/bin/../../toolchain/lib/libc.a)pm_getmaps.o
(/home/dmcdonald/lantisdev/lantis-top/lantis/toolchain/bin/../../toolchain/lib/libc.a)pm_getport.o
(/home/dmcdonald/lantisdev/lantis-top/lantis/toolchain/bin/../../toolchain/lib/libc.a)pmap_prot.o
(/home/dmcdonald/lantisdev/lantis-top/lantis/toolchain/bin/../../toolchain/lib/libc.a)pmap_prot2.o
(/home/dmcdonald/lantisdev/lantis-top/lantis/toolchain/bin/../../toolchain/lib/libc.a)rpc_prot.o
(/home/dmcdonald/lantisdev/lantis-top/lantis/toolchain/bin/../../toolchain/lib/libc.a)rpc_common.o
(/home/dmcdonald/lantisdev/lantis-top/lantis/toolchain/bin/../../toolchain/lib/libc.a)rpc_thread.o
(/home/dmcdonald/lantisdev/lantis-top/lantis/toolchain/bin/../../toolchain/lib/libc.a)svc.o
(/home/dmcdonald/lantisdev/lantis-top/lantis/toolchain/bin/../../toolchain/lib/libc.a)svc_auth.o
(/home/dmcdonald/lantisdev/lantis-top/lantis/toolchain/bin/../../toolchain/lib/libc.a)svc_authux.o
(/home/dmcdonald/lantisdev/lantis-top/lantis/toolchain/bin/../../toolchain/lib/libc.a)xdr.o
(/home/dmcdonald/lantisdev/lantis-top/lantis/toolchain/bin/../../toolchain/lib/libc.a)xdr_array.o
(/home/dmcdonald/lantisdev/lantis-top/lantis/toolchain/bin/../../toolchain/lib/libc.a)xdr_mem.o
(/home/dmcdonald/lantisdev/lantis-top/lantis/toolchain/bin/../../toolchain/lib/libc.a)xdr_rec.o
(/home/dmcdonald/lantisdev/lantis-top/lantis/toolchain/bin/../../toolchain/lib/libc.a)xdr_ref.o
(/home/dmcdonald/lantisdev/lantis-top/lantis/toolchain/bin/../../toolchain/lib/libc.a)key_call.o
(/home/dmcdonald/lantisdev/lantis-top/lantis/toolchain/bin/../../toolchain/lib/libc.a)key_prot.o
(/home/dmcdonald/lantisdev/lantis-top/lantis/toolchain/bin/../../toolchain/lib/libc.a)svcauth_des.o
(/home/dmcdonald/lantisdev/lantis-top/lantis/toolchain/bin/../../toolchain/lib/libc.a)create_xid.o
(/home/dmcdonald/lantisdev/lantis-top/lantis/toolchain/bin/../../toolchain/lib/libc.a)des_crypt.o
(/home/dmcdonald/lantisdev/lantis-top/lantis/toolchain/bin/../../toolchain/lib/libc.a)des_impl.o
(/home/dmcdonald/lantisdev/lantis-top/lantis/toolchain/bin/../../toolchain/lib/libc.a)nscd_getpw_r.o
(/home/dmcdonald/lantisdev/lantis-top/lantis/toolchain/bin/../../toolchain/lib/libc.a)nscd_getgr_r.o
(/home/dmcdonald/lantisdev/lantis-top/lantis/toolchain/bin/../../toolchain/lib/libc.a)nscd_gethst_r.o
(/home/dmcdonald/lantisdev/lantis-top/lantis/toolchain/bin/../../toolchain/lib/libc.a)nscd_getai.o
(/home/dmcdonald/lantisdev/lantis-top/lantis/toolchain/bin/../../toolchain/lib/libc.a)nscd_initgroups.o
(/home/dmcdonald/lantisdev/lantis-top/lantis/toolchain/bin/../../toolchain/lib/libc.a)nscd_getserv_r.o
(/home/dmcdonald/lantisdev/lantis-top/lantis/toolchain/bin/../../toolchain/lib/libc.a)nscd_helper.o
(/home/dmcdonald/lantisdev/lantis-top/lantis/toolchain/bin/../../toolchain/lib/libc.a)getutent.o
(/home/dmcdonald/lantisdev/lantis-top/lantis/toolchain/bin/../../toolchain/lib/libc.a)getutent_r.o
(/home/dmcdonald/lantisdev/lantis-top/lantis/toolchain/bin/../../toolchain/lib/libc.a)utmp_file.o
(/home/dmcdonald/lantisdev/lantis-top/lantis/toolchain/bin/../../toolchain/lib/libc.a)utmpname.o
(/home/dmcdonald/lantisdev/lantis-top/lantis/toolchain/bin/../../toolchain/lib/libc.a)updwtmp.o
(/home/dmcdonald/lantisdev/lantis-top/lantis/toolchain/bin/../../toolchain/lib/libc.a)dl-support.o
(/home/dmcdonald/lantisdev/lantis-top/lantis/toolchain/bin/../../toolchain/lib/libc.a)dl-addr.o
(/home/dmcdonald/lantisdev/lantis-top/lantis/toolchain/bin/../../toolchain/lib/libc.a)enbl-secure.o
(/home/dmcdonald/lantisdev/lantis-top/lantis/toolchain/bin/../../toolchain/lib/libc.a)dl-profstub.o
(/home/dmcdonald/lantisdev/lantis-top/lantis/toolchain/bin/../../toolchain/lib/libc.a)dl-libc.o
(/home/dmcdonald/lantisdev/lantis-top/lantis/toolchain/bin/../../toolchain/lib/libc.a)dl-sysdep.o
(/home/dmcdonald/lantisdev/lantis-top/lantis/toolchain/bin/../../toolchain/lib/libc.a)init-first.o
(/home/dmcdonald/lantisdev/lantis-top/lantis/toolchain/bin/../../toolchain/lib/libc.a)sysdep.o
(/home/dmcdonald/lantisdev/lantis-top/lantis/toolchain/bin/../../toolchain/lib/libc.a)gconv_db.o
(/home/dmcdonald/lantisdev/lantis-top/lantis/toolchain/bin/../../toolchain/lib/libc.a)gconv_conf.o
(/home/dmcdonald/lantisdev/lantis-top/lantis/toolchain/bin/../../toolchain/lib/libc.a)gconv_builtin.o
(/home/dmcdonald/lantisdev/lantis-top/lantis/toolchain/bin/../../toolchain/lib/libc.a)gconv_simple.o
(/home/dmcdonald/lantisdev/lantis-top/lantis/toolchain/bin/../../toolchain/lib/libc.a)gconv_cache.o
(/home/dmcdonald/lantisdev/lantis-top/lantis/toolchain/bin/../../toolchain/lib/libc.a)gconv_dl.o
(/home/dmcdonald/lantisdev/lantis-top/lantis/toolchain/bin/../../toolchain/lib/libc.a)setlocale.o
(/home/dmcdonald/lantisdev/lantis-top/lantis/toolchain/bin/../../toolchain/lib/libc.a)findlocale.o
(/home/dmcdonald/lantisdev/lantis-top/lantis/toolchain/bin/../../toolchain/lib/libc.a)loadlocale.o
(/home/dmcdonald/lantisdev/lantis-top/lantis/toolchain/bin/../../toolchain/lib/libc.a)loadarchive.o
(/home/dmcdonald/lantisdev/lantis-top/lantis/toolchain/bin/../../toolchain/lib/libc.a)C-ctype.o
(/home/dmcdonald/lantisdev/lantis-top/lantis/toolchain/bin/../../toolchain/lib/libc.a)C-time.o
(/home/dmcdonald/lantisdev/lantis-top/lantis/toolchain/bin/../../toolchain/lib/libc.a)SYS_libc.o
(/home/dmcdonald/lantisdev/lantis-top/lantis/toolchain/bin/../../toolchain/lib/libc.a)C_name.o
(/home/dmcdonald/lantisdev/lantis-top/lantis/toolchain/bin/../../toolchain/lib/libc.a)xlocale.o
(/home/dmcdonald/lantisdev/lantis-top/lantis/toolchain/bin/../../toolchain/lib/libc.a)global-locale.o
(/home/dmcdonald/lantisdev/lantis-top/lantis/toolchain/bin/../../toolchain/lib/libc.a)coll-lookup.o
(/home/dmcdonald/lantisdev/lantis-top/lantis/toolchain/bin/../../toolchain/lib/libc.a)lc-ctype.o
(/home/dmcdonald/lantisdev/lantis-top/lantis/toolchain/bin/../../toolchain/lib/libc.a)lc-monetary.o
(/home/dmcdonald/lantisdev/lantis-top/lantis/toolchain/bin/../../toolchain/lib/libc.a)lc-numeric.o
(/home/dmcdonald/lantisdev/lantis-top/lantis/toolchain/bin/../../toolchain/lib/libc.a)lc-collate.o
(/home/dmcdonald/lantisdev/lantis-top/lantis/toolchain/bin/../../toolchain/lib/libc.a)C-messages.o
(/home/dmcdonald/lantisdev/lantis-top/lantis/toolchain/bin/../../toolchain/lib/libc.a)C-monetary.o
(/home/dmcdonald/lantisdev/lantis-top/lantis/toolchain/bin/../../toolchain/lib/libc.a)C-numeric.o
(/home/dmcdonald/lantisdev/lantis-top/lantis/toolchain/bin/../../toolchain/lib/libc.a)C-paper.o
(/home/dmcdonald/lantisdev/lantis-top/lantis/toolchain/bin/../../toolchain/lib/libc.a)C-name.o
(/home/dmcdonald/lantisdev/lantis-top/lantis/toolchain/bin/../../toolchain/lib/libc.a)C-address.o
(/home/dmcdonald/lantisdev/lantis-top/lantis/toolchain/bin/../../toolchain/lib/libc.a)C-telephone.o
(/home/dmcdonald/lantisdev/lantis-top/lantis/toolchain/bin/../../toolchain/lib/libc.a)C-measurement.o
(/home/dmcdonald/lantisdev/lantis-top/lantis/toolchain/bin/../../toolchain/lib/libc.a)C-identification.o
(/home/dmcdonald/lantisdev/lantis-top/lantis/toolchain/bin/../../toolchain/lib/libc.a)C-collate.o
(/home/dmcdonald/lantisdev/lantis-top/lantis/toolchain/bin/../../toolchain/lib/libc.a)assert.o
(/home/dmcdonald/lantisdev/lantis-top/lantis/toolchain/bin/../../toolchain/lib/libc.a)ctype-info.o
(/home/dmcdonald/lantisdev/lantis-top/lantis/toolchain/bin/../../toolchain/lib/libc.a)dcgettext.o
(/home/dmcdonald/lantisdev/lantis-top/lantis/toolchain/bin/../../toolchain/lib/libc.a)dcigettext.o
(/home/dmcdonald/lantisdev/lantis-top/lantis/toolchain/bin/../../toolchain/lib/libc.a)finddomain.o
(/home/dmcdonald/lantisdev/lantis-top/lantis/toolchain/bin/../../toolchain/lib/libc.a)loadmsgcat.o
(/home/dmcdonald/lantisdev/lantis-top/lantis/toolchain/bin/../../toolchain/lib/libc.a)localealias.o
(/home/dmcdonald/lantisdev/lantis-top/lantis/toolchain/bin/../../toolchain/lib/libc.a)l10nflist.o
(/home/dmcdonald/lantisdev/lantis-top/lantis/toolchain/bin/../../toolchain/lib/libc.a)explodename.o
(/home/dmcdonald/lantisdev/lantis-top/lantis/toolchain/bin/../../toolchain/lib/libc.a)plural.o
(/home/dmcdonald/lantisdev/lantis-top/lantis/toolchain/bin/../../toolchain/lib/libc.a)plural-exp.o
(/home/dmcdonald/lantisdev/lantis-top/lantis/toolchain/bin/../../toolchain/lib/libc.a)hash-string.o
(/home/dmcdonald/lantisdev/lantis-top/lantis/toolchain/bin/../../toolchain/lib/libc.a)s_isinf.o
(/home/dmcdonald/lantisdev/lantis-top/lantis/toolchain/bin/../../toolchain/lib/libc.a)s_isnan.o
(/home/dmcdonald/lantisdev/lantis-top/lantis/toolchain/bin/../../toolchain/lib/libc.a)s_signbit.o
(/home/dmcdonald/lantisdev/lantis-top/lantis/toolchain/bin/../../toolchain/lib/libc.a)s_isinfl.o
(/home/dmcdonald/lantisdev/lantis-top/lantis/toolchain/bin/../../toolchain/lib/libc.a)s_isnanl.o
(/home/dmcdonald/lantisdev/lantis-top/lantis/toolchain/bin/../../toolchain/lib/libc.a)s_signbitl.o
(/home/dmcdonald/lantisdev/lantis-top/lantis/toolchain/bin/../../toolchain/lib/libc.a)math_ldbl_opt.o
(/home/dmcdonald/lantisdev/lantis-top/lantis/toolchain/bin/../../toolchain/lib/libc.a)setfpucw.o
(/home/dmcdonald/lantisdev/lantis-top/lantis/toolchain/bin/../../toolchain/lib/libc.a)fpu_control.o
(/home/dmcdonald/lantisdev/lantis-top/lantis/toolchain/bin/../../toolchain/lib/libc.a)allocrtsig.o
(/home/dmcdonald/lantisdev/lantis-top/lantis/toolchain/bin/../../toolchain/lib/libc.a)add_n.o
(/home/dmcdonald/lantisdev/lantis-top/lantis/toolchain/bin/../../toolchain/lib/libc.a)cmp.o
(/home/dmcdonald/lantisdev/lantis-top/lantis/toolchain/bin/../../toolchain/lib/libc.a)divrem.o
(/home/dmcdonald/lantisdev/lantis-top/lantis/toolchain/bin/../../toolchain/lib/libc.a)lshift.o
(/home/dmcdonald/lantisdev/lantis-top/lantis/toolchain/bin/../../toolchain/lib/libc.a)rshift.o
(/home/dmcdonald/lantisdev/lantis-top/lantis/toolchain/bin/../../toolchain/lib/libc.a)mul.o
(/home/dmcdonald/lantisdev/lantis-top/lantis/toolchain/bin/../../toolchain/lib/libc.a)mul_1.o
(/home/dmcdonald/lantisdev/lantis-top/lantis/toolchain/bin/../../toolchain/lib/libc.a)mul_n.o
(/home/dmcdonald/lantisdev/lantis-top/lantis/toolchain/bin/../../toolchain/lib/libc.a)sub_n.o
(/home/dmcdonald/lantisdev/lantis-top/lantis/toolchain/bin/../../toolchain/lib/libc.a)submul_1.o
(/home/dmcdonald/lantisdev/lantis-top/lantis/toolchain/bin/../../toolchain/lib/libc.a)dbl2mpn.o
(/home/dmcdonald/lantisdev/lantis-top/lantis/toolchain/bin/../../toolchain/lib/libc.a)ldbl2mpn.o
(/home/dmcdonald/lantisdev/lantis-top/lantis/toolchain/bin/../../toolchain/lib/libc.a)mpn2dbl.o
(/home/dmcdonald/lantisdev/lantis-top/lantis/toolchain/bin/../../toolchain/lib/libc.a)abort.o
(/home/dmcdonald/lantisdev/lantis-top/lantis/toolchain/bin/../../toolchain/lib/libc.a)qsort.o
(/home/dmcdonald/lantisdev/lantis-top/lantis/toolchain/bin/../../toolchain/lib/libc.a)secure-getenv.o
(/home/dmcdonald/lantisdev/lantis-top/lantis/toolchain/bin/../../toolchain/lib/libc.a)lrand48_r.o
(/home/dmcdonald/lantisdev/lantis-top/lantis/toolchain/bin/../../toolchain/lib/libc.a)nrand48_r.o
(/home/dmcdonald/lantisdev/lantis-top/lantis/toolchain/bin/../../toolchain/lib/libc.a)srand48_r.o
(/home/dmcdonald/lantisdev/lantis-top/lantis/toolchain/bin/../../toolchain/lib/libc.a)drand48-iter.o
(/home/dmcdonald/lantisdev/lantis-top/lantis/toolchain/bin/../../toolchain/lib/libc.a)_itoa.o
(/home/dmcdonald/lantisdev/lantis-top/lantis/toolchain/bin/../../toolchain/lib/libc.a)_itowa.o
(/home/dmcdonald/lantisdev/lantis-top/lantis/toolchain/bin/../../toolchain/lib/libc.a)itoa-digits.o
(/home/dmcdonald/lantisdev/lantis-top/lantis/toolchain/bin/../../toolchain/lib/libc.a)itoa-udigits.o
(/home/dmcdonald/lantisdev/lantis-top/lantis/toolchain/bin/../../toolchain/lib/libc.a)itowa-digits.o
(/home/dmcdonald/lantisdev/lantis-top/lantis/toolchain/bin/../../toolchain/lib/libc.a)reg-modifier.o
(/home/dmcdonald/lantisdev/lantis-top/lantis/toolchain/bin/../../toolchain/lib/libc.a)vfscanf.o
(/home/dmcdonald/lantisdev/lantis-top/lantis/toolchain/bin/../../toolchain/lib/libc.a)perror.o
(/home/dmcdonald/lantisdev/lantis-top/lantis/toolchain/bin/../../toolchain/lib/libc.a)tempname.o
(/home/dmcdonald/lantisdev/lantis-top/lantis/toolchain/bin/../../toolchain/lib/libc.a)errlist.o
(/home/dmcdonald/lantisdev/lantis-top/lantis/toolchain/bin/../../toolchain/lib/libc.a)siglist.o
(/home/dmcdonald/lantisdev/lantis-top/lantis/toolchain/bin/../../toolchain/lib/libc.a)fxprintf.o
(/home/dmcdonald/lantisdev/lantis-top/lantis/toolchain/bin/../../toolchain/lib/libc.a)filedoalloc.o
(/home/dmcdonald/lantisdev/lantis-top/lantis/toolchain/bin/../../toolchain/lib/libc.a)iofopen.o
(/home/dmcdonald/lantisdev/lantis-top/lantis/toolchain/bin/../../toolchain/lib/libc.a)ioftell.o
(/home/dmcdonald/lantisdev/lantis-top/lantis/toolchain/bin/../../toolchain/lib/libc.a)iogetline.o
(/home/dmcdonald/lantisdev/lantis-top/lantis/toolchain/bin/../../toolchain/lib/libc.a)ioseekoff.o
(/home/dmcdonald/lantisdev/lantis-top/lantis/toolchain/bin/../../toolchain/lib/libc.a)iosetbuffer.o
(/home/dmcdonald/lantisdev/lantis-top/lantis/toolchain/bin/../../toolchain/lib/libc.a)iofwide.o
(/home/dmcdonald/lantisdev/lantis-top/lantis/toolchain/bin/../../toolchain/lib/libc.a)memstream.o
(/home/dmcdonald/lantisdev/lantis-top/lantis/toolchain/bin/../../toolchain/lib/libc.a)fcloseall.o
(/home/dmcdonald/lantisdev/lantis-top/lantis/toolchain/bin/../../toolchain/lib/libc.a)ftello.o
(/home/dmcdonald/lantisdev/lantis-top/lantis/toolchain/bin/../../toolchain/lib/libc.a)iofread_u.o
(/home/dmcdonald/lantisdev/lantis-top/lantis/toolchain/bin/../../toolchain/lib/libc.a)wfiledoalloc.o
(/home/dmcdonald/lantisdev/lantis-top/lantis/toolchain/bin/../../toolchain/lib/libc.a)sdlerror.o
(/home/dmcdonald/lantisdev/lantis-top/lantis/toolchain/bin/../../toolchain/lib/libc.a)sdladdr.o
(/home/dmcdonald/lantisdev/lantis-top/lantis/toolchain/bin/../../toolchain/lib/libc.a)sdladdr1.o
(/home/dmcdonald/lantisdev/lantis-top/lantis/toolchain/bin/../../toolchain/lib/libc.a)sdlinfo.o
(/home/dmcdonald/lantisdev/lantis-top/lantis/toolchain/bin/../../toolchain/lib/libc.a)sdlmopen.o
(/home/dmcdonald/lantisdev/lantis-top/lantis/toolchain/bin/../../toolchain/lib/libc.a)strndup.o
(/home/dmcdonald/lantisdev/lantis-top/lantis/toolchain/bin/../../toolchain/lib/libc.a)stpncpy.o
(/home/dmcdonald/lantisdev/lantis-top/lantis/toolchain/bin/../../toolchain/lib/libc.a)argz-count.o
(/home/dmcdonald/lantisdev/lantis-top/lantis/toolchain/bin/../../toolchain/lib/libc.a)argz-ctsep.o
(/home/dmcdonald/lantisdev/lantis-top/lantis/toolchain/bin/../../toolchain/lib/libc.a)argz-stringify.o
(/home/dmcdonald/lantisdev/lantis-top/lantis/toolchain/bin/../../toolchain/lib/libc.a)argz-addsep.o
(/home/dmcdonald/lantisdev/lantis-top/lantis/toolchain/bin/../../toolchain/lib/libc.a)wcscat.o
(/home/dmcdonald/lantisdev/lantis-top/lantis/toolchain/bin/../../toolchain/lib/libc.a)wcschr.o
(/home/dmcdonald/lantisdev/lantis-top/lantis/toolchain/bin/../../toolchain/lib/libc.a)wcslen.o
(/home/dmcdonald/lantisdev/lantis-top/lantis/toolchain/bin/../../toolchain/lib/libc.a)wmemchr.o
(/home/dmcdonald/lantisdev/lantis-top/lantis/toolchain/bin/../../toolchain/lib/libc.a)btowc.o
(/home/dmcdonald/lantisdev/lantis-top/lantis/toolchain/bin/../../toolchain/lib/libc.a)mbrlen.o
(/home/dmcdonald/lantisdev/lantis-top/lantis/toolchain/bin/../../toolchain/lib/libc.a)mbrtowc.o
(/home/dmcdonald/lantisdev/lantis-top/lantis/toolchain/bin/../../toolchain/lib/libc.a)mbsrtowcs.o
(/home/dmcdonald/lantisdev/lantis-top/lantis/toolchain/bin/../../toolchain/lib/libc.a)wcscoll.o
(/home/dmcdonald/lantisdev/lantis-top/lantis/toolchain/bin/../../toolchain/lib/libc.a)wcscoll_l.o
(/home/dmcdonald/lantisdev/lantis-top/lantis/toolchain/bin/../../toolchain/lib/libc.a)mbsrtowcs_l.o
(/home/dmcdonald/lantisdev/lantis-top/lantis/toolchain/bin/../../toolchain/lib/libc.a)offtime.o
(/home/dmcdonald/lantisdev/lantis-top/lantis/toolchain/bin/../../toolchain/lib/libc.a)asctime.o
(/home/dmcdonald/lantisdev/lantis-top/lantis/toolchain/bin/../../toolchain/lib/libc.a)getdents64.o
(/home/dmcdonald/lantisdev/lantis-top/lantis/toolchain/bin/../../toolchain/lib/libc.a)xstat.o
(/home/dmcdonald/lantisdev/lantis-top/lantis/toolchain/bin/../../toolchain/lib/libc.a)lseek.o
(/home/dmcdonald/lantisdev/lantis-top/lantis/toolchain/bin/../../toolchain/lib/libc.a)xstatconv.o
(/home/dmcdonald/lantisdev/lantis-top/lantis/toolchain/bin/../../toolchain/lib/libc.a)setrlimit.o
(/home/dmcdonald/lantisdev/lantis-top/lantis/toolchain/bin/../../toolchain/lib/libc.a)brk.o
(/home/dmcdonald/lantisdev/lantis-top/lantis/toolchain/bin/../../toolchain/lib/libc.a)readv.o
(/home/dmcdonald/lantisdev/lantis-top/lantis/toolchain/bin/../../toolchain/lib/libc.a)writev.o
(/home/dmcdonald/lantisdev/lantis-top/lantis/toolchain/bin/../../toolchain/lib/libc.a)gethostname.o
(/home/dmcdonald/lantisdev/lantis-top/lantis/toolchain/bin/../../toolchain/lib/libc.a)opensock.o
(/home/dmcdonald/lantisdev/lantis-top/lantis/toolchain/bin/../../toolchain/lib/libc.a)res_init.o
(/home/dmcdonald/lantisdev/lantis-top/lantis/toolchain/bin/../../toolchain/lib/libc.a)service-lookup.o
(/home/dmcdonald/lantisdev/lantis-top/lantis/toolchain/bin/../../toolchain/lib/libc.a)network-lookup.o
(/home/dmcdonald/lantisdev/lantis-top/lantis/toolchain/bin/../../toolchain/lib/libc.a)digits_dots.o
(/home/dmcdonald/lantisdev/lantis-top/lantis/toolchain/bin/../../toolchain/lib/libc.a)auth_none.o
(/home/dmcdonald/lantisdev/lantis-top/lantis/toolchain/bin/../../toolchain/lib/libc.a)clnt_gen.o
(/home/dmcdonald/lantisdev/lantis-top/lantis/toolchain/bin/../../toolchain/lib/libc.a)clnt_simp.o
(/home/dmcdonald/lantisdev/lantis-top/lantis/toolchain/bin/../../toolchain/lib/libc.a)rpc_dtable.o
(/home/dmcdonald/lantisdev/lantis-top/lantis/toolchain/bin/../../toolchain/lib/libc.a)pmap_clnt.o
(/home/dmcdonald/lantisdev/lantis-top/lantis/toolchain/bin/../../toolchain/lib/libc.a)publickey.o
(/home/dmcdonald/lantisdev/lantis-top/lantis/toolchain/bin/../../toolchain/lib/libc.a)netname.o
(/home/dmcdonald/lantisdev/lantis-top/lantis/toolchain/bin/../../toolchain/lib/libc.a)clnt_unix.o
(/home/dmcdonald/lantisdev/lantis-top/lantis/toolchain/bin/../../toolchain/lib/libc.a)nis_hash.o
(/home/dmcdonald/lantisdev/lantis-top/lantis/toolchain/bin/../../toolchain/lib/libc.a)dl-load.o
(/home/dmcdonald/lantisdev/lantis-top/lantis/toolchain/bin/../../toolchain/lib/libc.a)dl-cache.o
(/home/dmcdonald/lantisdev/lantis-top/lantis/toolchain/bin/../../toolchain/lib/libc.a)dl-lookup.o
(/home/dmcdonald/lantisdev/lantis-top/lantis/toolchain/bin/../../toolchain/lib/libc.a)dl-object.o
(/home/dmcdonald/lantisdev/lantis-top/lantis/toolchain/bin/../../toolchain/lib/libc.a)dl-reloc.o
(/home/dmcdonald/lantisdev/lantis-top/lantis/toolchain/bin/../../toolchain/lib/libc.a)dl-error.o
(/home/dmcdonald/lantisdev/lantis-top/lantis/toolchain/bin/../../toolchain/lib/libc.a)dl-debug.o
(/home/dmcdonald/lantisdev/lantis-top/lantis/toolchain/bin/../../toolchain/lib/libc.a)dl-misc.o
(/home/dmcdonald/lantisdev/lantis-top/lantis/toolchain/bin/../../toolchain/lib/libc.a)dl-profile.o
(/home/dmcdonald/lantisdev/lantis-top/lantis/toolchain/bin/../../toolchain/lib/libc.a)dl-tls.o
(/home/dmcdonald/lantisdev/lantis-top/lantis/toolchain/bin/../../toolchain/lib/libc.a)dl-origin.o
(/home/dmcdonald/lantisdev/lantis-top/lantis/toolchain/bin/../../toolchain/lib/libc.a)dl-scope.o
(/home/dmcdonald/lantisdev/lantis-top/lantis/toolchain/bin/../../toolchain/lib/libc.a)dl-execstack.o
(/home/dmcdonald/lantisdev/lantis-top/lantis/toolchain/bin/../../toolchain/lib/libc.a)dl-open.o
(/home/dmcdonald/lantisdev/lantis-top/lantis/toolchain/bin/../../toolchain/lib/libc.a)dl-close.o
(/home/dmcdonald/lantisdev/lantis-top/lantis/toolchain/bin/../../toolchain/lib/libc.a)dl-trampoline.o
(/home/dmcdonald/lantisdev/lantis-top/lantis/toolchain/bin/../../toolchain/lib/libc.a)dl-tsd.o
(/home/dmcdonald/lantisdev/lantis-top/lantis/toolchain/bin/../../toolchain/lib/libc.a)dl-machine.o
(/home/dmcdonald/lantisdev/lantis-top/lantis/toolchain/bin/../../toolchain/lib/libc.a)gconv_open.o
(/home/dmcdonald/lantisdev/lantis-top/lantis/toolchain/bin/../../toolchain/lib/libc.a)gconv.o
(/home/dmcdonald/lantisdev/lantis-top/lantis/toolchain/bin/../../toolchain/lib/libc.a)gconv_close.o
(/home/dmcdonald/lantisdev/lantis-top/lantis/toolchain/bin/../../toolchain/lib/libc.a)gconv_trans.o
(/home/dmcdonald/lantisdev/lantis-top/lantis/toolchain/bin/../../toolchain/lib/libc.a)catnames.o
(/home/dmcdonald/lantisdev/lantis-top/lantis/toolchain/bin/../../toolchain/lib/libc.a)localename.o
(/home/dmcdonald/lantisdev/lantis-top/lantis/toolchain/bin/../../toolchain/lib/libc.a)addmul_1.o
(/home/dmcdonald/lantisdev/lantis-top/lantis/toolchain/bin/../../toolchain/lib/libc.a)strtof.o
(/home/dmcdonald/lantisdev/lantis-top/lantis/toolchain/bin/../../toolchain/lib/libc.a)strtold.o
(/home/dmcdonald/lantisdev/lantis-top/lantis/toolchain/bin/../../toolchain/lib/libc.a)strtof_l.o
(/home/dmcdonald/lantisdev/lantis-top/lantis/toolchain/bin/../../toolchain/lib/libc.a)strtold_l.o
(/home/dmcdonald/lantisdev/lantis-top/lantis/toolchain/bin/../../toolchain/lib/libc.a)vfwprintf.o
(/home/dmcdonald/lantisdev/lantis-top/lantis/toolchain/bin/../../toolchain/lib/libc.a)printf-parsewc.o
(/home/dmcdonald/lantisdev/lantis-top/lantis/toolchain/bin/../../toolchain/lib/libc.a)sdlopen.o
(/home/dmcdonald/lantisdev/lantis-top/lantis/toolchain/bin/../../toolchain/lib/libc.a)sdlclose.o
(/home/dmcdonald/lantisdev/lantis-top/lantis/toolchain/bin/../../toolchain/lib/libc.a)sdlsym.o
(/home/dmcdonald/lantisdev/lantis-top/lantis/toolchain/bin/../../toolchain/lib/libc.a)sdlvsym.o
(/home/dmcdonald/lantisdev/lantis-top/lantis/toolchain/bin/../../toolchain/lib/libc.a)strcasecmp_l.o
(/home/dmcdonald/lantisdev/lantis-top/lantis/toolchain/bin/../../toolchain/lib/libc.a)wcscmp.o
(/home/dmcdonald/lantisdev/lantis-top/lantis/toolchain/bin/../../toolchain/lib/libc.a)wcschrnul.o
(/home/dmcdonald/lantisdev/lantis-top/lantis/toolchain/bin/../../toolchain/lib/libc.a)getdomain.o
(/home/dmcdonald/lantisdev/lantis-top/lantis/toolchain/bin/../../toolchain/lib/libc.a)profil.o
(/home/dmcdonald/lantisdev/lantis-top/lantis/toolchain/bin/../../toolchain/lib/libc.a)prof-freq.o
(/home/dmcdonald/lantisdev/lantis-top/lantis/toolchain/bin/../../toolchain/lib/libc.a)key-lookup.o
(/home/dmcdonald/lantisdev/lantis-top/lantis/toolchain/bin/../../toolchain/lib/libc.a)getprtname_r.o
(/home/dmcdonald/lantisdev/lantis-top/lantis/toolchain/bin/../../toolchain/lib/libc.a)dl-deps.o
(/home/dmcdonald/lantisdev/lantis-top/lantis/toolchain/bin/../../toolchain/lib/libc.a)dl-runtime.o
(/home/dmcdonald/lantisdev/lantis-top/lantis/toolchain/bin/../../toolchain/lib/libc.a)dl-init.o
(/home/dmcdonald/lantisdev/lantis-top/lantis/toolchain/bin/../../toolchain/lib/libc.a)dl-fini.o
(/home/dmcdonald/lantisdev/lantis-top/lantis/toolchain/bin/../../toolchain/lib/libc.a)dl-version.o
(/home/dmcdonald/lantisdev/lantis-top/lantis/toolchain/bin/../../toolchain/lib/libc.a)dl-sym.o
(/home/dmcdonald/lantisdev/lantis-top/lantis/toolchain/bin/../../toolchain/lib/libc.a)mpn2flt.o
(/home/dmcdonald/lantisdev/lantis-top/lantis/toolchain/bin/../../toolchain/lib/libc.a)mpn2ldbl.o
(/home/dmcdonald/lantisdev/lantis-top/lantis/toolchain/bin/../../toolchain/lib/libc.a)setitimer.o
(/home/dmcdonald/lantisdev/lantis-top/lantis/toolchain/bin/../../toolchain/lib/libc.a)proto-lookup.o
(/home/dmcdonald/lantisdev/lantis-top/lantis/toolchain/bin/../lib/gcc/powerpc-timesys-linux-gnuspe/4.4.5/libgcc.a)_divdi3.o
(/home/dmcdonald/lantisdev/lantis-top/lantis/toolchain/bin/../lib/gcc/powerpc-timesys-linux-gnuspe/4.4.5/libgcc_eh.a)unwind-dw2.o
(/home/dmcdonald/lantisdev/lantis-top/lantis/toolchain/bin/../lib/gcc/powerpc-timesys-linux-gnuspe/4.4.5/libgcc_eh.a)unwind-dw2-fde-glibc.o
(/home/dmcdonald/lantisdev/lantis-top/lantis/toolchain/bin/../lib/gcc/powerpc-timesys-linux-gnuspe/4.4.5/libgcc_eh.a)unwind-c.o
(/home/dmcdonald/lantisdev/lantis-top/lantis/toolchain/bin/../../toolchain/lib/libc.a)dl-iteratephdr.o
attempt to open /home/dmcdonald/lantisdev/lantis-top/lantis/toolchain/bin/../lib/gcc/powerpc-timesys-linux-gnuspe/4.4.5/crtend.o succeeded
/home/dmcdonald/lantisdev/lantis-top/lantis/toolchain/bin/../lib/gcc/powerpc-timesys-linux-gnuspe/4.4.5/crtend.o
attempt to open /home/dmcdonald/lantisdev/lantis-top/lantis/toolchain/bin/../../toolchain/lib/crtn.o succeeded
/home/dmcdonald/lantisdev/lantis-top/lantis/toolchain/bin/../../toolchain/lib/crtn.ocoreutils/lib.a(id.o): In function `get_groups':
id.c:(.text.get_groups+0x24): warning: Using 'getgrouplist' in statically linked applications requires at runtime the shared libraries from the glibc version used for linking
libbb/lib.a(change_identity.o): In function `change_identity':
change_identity.c:(.text.change_identity+0x1c): warning: Using 'initgroups' in statically linked applications requires at runtime the shared libraries from the glibc version used for linking
libbb/lib.a(appletlib.o): In function `run_applet_no_and_exit':
appletlib.c:(.text.run_applet_no_and_exit+0x13c): warning: Using 'getgrgid' in statically linked applications requires at runtime the shared libraries from the glibc version used for linking
libpwdgrp/lib.a(uidgid_get.o): In function `get_uidgid':
uidgid_get.c:(.text.get_uidgid+0x12c): warning: Using 'getgrnam' in statically linked applications requires at runtime the shared libraries from the glibc version used for linking
libbb/lib.a(change_identity.o): In function `change_identity':
change_identity.c:(.text.change_identity+0x38): warning: Using 'endgrent' in statically linked applications requires at runtime the shared libraries from the glibc version used for linking
libbb/lib.a(appletlib.o): In function `run_applet_no_and_exit':
appletlib.c:(.text.run_applet_no_and_exit+0x150): warning: Using 'getpwnam' in statically linked applications requires at runtime the shared libraries from the glibc version used for linking
libpwdgrp/lib.a(uidgid_get.o): In function `get_uidgid':
uidgid_get.c:(.text.get_uidgid+0xac): warning: Using 'getpwuid' in statically linked applications requires at runtime the shared libraries from the glibc version used for linking
loginutils/lib.a(deluser.o): In function `deluser_main':
deluser.c:(.text.deluser_main+0x128): warning: Using 'getpwent_r' in statically linked applications requires at runtime the shared libraries from the glibc version used for linking
networking/lib.a(nslookup.o): In function `print_host':
nslookup.c:(.text.print_host+0x70): warning: Using 'getaddrinfo' in statically linked applications requires at runtime the shared libraries from the glibc version used for linking
libbb/lib.a(inet_common.o): In function `INET_rresolve':
inet_common.c:(.text.INET_rresolve+0x100): warning: Using 'gethostbyaddr' in statically linked applications requires at runtime the shared libraries from the glibc version used for linking
util-linux/lib.a(mount.o): In function `nfsmount':
mount.c:(.text.nfsmount+0x12c): warning: Using 'gethostbyname' in statically linked applications requires at runtime the shared libraries from the glibc version used for linking
libbb/lib.a(inet_common.o): In function `INET_rresolve':
inet_common.c:(.text.INET_rresolve+0x10c): warning: Using 'getnetbyaddr' in statically linked applications requires at runtime the shared libraries from the glibc version used for linking
libbb/lib.a(inet_common.o): In function `INET_resolve':
inet_common.c:(.text.INET_resolve+0x90): warning: Using 'getnetbyname' in statically linked applications requires at runtime the shared libraries from the glibc version used for linking
networking/lib.a(inetd.o): In function `reread_config_file':
inetd.c:(.text.reread_config_file+0x754): warning: Using 'getservbyname' in statically linked applications requires at runtime the shared libraries from the glibc version used for linking
networking/lib.a(netstat.o): In function `ip_port_str':
netstat.c:(.text.ip_port_str+0x60): warning: Using 'getservbyport' in statically linked applications requires at runtime the shared libraries from the glibc version used for linking
/home/dmcdonald/lantisdev/lantis-top/lantis/toolchain/bin/../../toolchain/lib/libc.a(dl-sysdep.o): warning: multiple common of `__cache_line_size'
/home/dmcdonald/lantisdev/lantis-top/lantis/toolchain/bin/../../toolchain/lib/libc.a(libc-start.o): warning: previous common is here

